<?xml version="1.0" encoding="UTF-8"?>
<coverage generated="1761312492889" clover="3.2.0">
  <project timestamp="1761312492889" name="All files">
    <metrics statements="512" coveredstatements="406" conditionals="282" coveredconditionals="189" methods="81" coveredmethods="68" elements="875" coveredelements="663" complexity="0" loc="512" ncloc="512" packages="1" files="7" classes="7"/>
    <file name="brazilian-utils.ts" path="/workspaces/dev-power-tools/src/lib/brazilian-utils.ts">
      <metrics statements="149" coveredstatements="146" conditionals="76" coveredconditionals="69" methods="25" coveredmethods="25"/>
      <line num="4" count="1" type="cond" truecount="1" falsecount="0"/>
      <line num="5" count="36" type="stmt"/>
      <line num="8" count="4" type="stmt"/>
      <line num="9" count="4" type="stmt"/>
      <line num="10" count="36" type="stmt"/>
      <line num="12" count="4" type="stmt"/>
      <line num="15" count="4" type="stmt"/>
      <line num="16" count="4" type="stmt"/>
      <line num="17" count="36" type="stmt"/>
      <line num="19" count="4" type="stmt"/>
      <line num="20" count="4" type="stmt"/>
      <line num="22" count="4" type="stmt"/>
      <line num="24" count="4" type="cond" truecount="2" falsecount="0"/>
      <line num="27" count="1" type="stmt"/>
      <line num="28" count="11" type="stmt"/>
      <line num="30" count="11" type="cond" truecount="2" falsecount="0"/>
      <line num="31" count="2" type="stmt"/>
      <line num="35" count="9" type="cond" truecount="2" falsecount="0"/>
      <line num="36" count="2" type="stmt"/>
      <line num="39" count="7" type="stmt"/>
      <line num="42" count="7" type="stmt"/>
      <line num="43" count="7" type="stmt"/>
      <line num="44" count="63" type="stmt"/>
      <line num="46" count="7" type="stmt"/>
      <line num="48" count="7" type="cond" truecount="1" falsecount="1"/>
      <line num="49" count="0" type="stmt"/>
      <line num="53" count="7" type="stmt"/>
      <line num="54" count="7" type="stmt"/>
      <line num="55" count="63" type="stmt"/>
      <line num="57" count="7" type="stmt"/>
      <line num="58" count="7" type="stmt"/>
      <line num="60" count="7" type="cond" truecount="2" falsecount="0"/>
      <line num="61" count="2" type="stmt"/>
      <line num="64" count="5" type="stmt"/>
      <line num="67" count="1" type="stmt"/>
      <line num="68" count="5" type="stmt"/>
      <line num="69" count="5" type="cond" truecount="2" falsecount="0"/>
      <line num="70" count="4" type="stmt"/>
      <line num="72" count="1" type="stmt"/>
      <line num="76" count="1" type="cond" truecount="1" falsecount="0"/>
      <line num="77" count="48" type="stmt"/>
      <line num="80" count="4" type="stmt"/>
      <line num="81" count="4" type="stmt"/>
      <line num="82" count="4" type="stmt"/>
      <line num="83" count="48" type="stmt"/>
      <line num="85" count="4" type="cond" truecount="1" falsecount="1"/>
      <line num="88" count="4" type="stmt"/>
      <line num="89" count="4" type="stmt"/>
      <line num="90" count="4" type="stmt"/>
      <line num="91" count="48" type="stmt"/>
      <line num="93" count="4" type="stmt"/>
      <line num="94" count="4" type="cond" truecount="1" falsecount="1"/>
      <line num="96" count="4" type="stmt"/>
      <line num="98" count="4" type="cond" truecount="2" falsecount="0"/>
      <line num="101" count="1" type="stmt"/>
      <line num="102" count="11" type="stmt"/>
      <line num="104" count="11" type="cond" truecount="2" falsecount="0"/>
      <line num="105" count="2" type="stmt"/>
      <line num="109" count="9" type="cond" truecount="2" falsecount="0"/>
      <line num="110" count="2" type="stmt"/>
      <line num="113" count="7" type="stmt"/>
      <line num="116" count="7" type="stmt"/>
      <line num="117" count="7" type="stmt"/>
      <line num="118" count="7" type="stmt"/>
      <line num="119" count="84" type="stmt"/>
      <line num="121" count="7" type="cond" truecount="1" falsecount="1"/>
      <line num="123" count="7" type="cond" truecount="2" falsecount="0"/>
      <line num="124" count="2" type="stmt"/>
      <line num="128" count="5" type="stmt"/>
      <line num="129" count="5" type="stmt"/>
      <line num="130" count="5" type="stmt"/>
      <line num="131" count="60" type="stmt"/>
      <line num="133" count="5" type="stmt"/>
      <line num="134" count="5" type="cond" truecount="1" falsecount="1"/>
      <line num="136" count="5" type="cond" truecount="1" falsecount="1"/>
      <line num="137" count="0" type="stmt"/>
      <line num="140" count="5" type="stmt"/>
      <line num="143" count="1" type="stmt"/>
      <line num="144" count="5" type="stmt"/>
      <line num="145" count="5" type="cond" truecount="2" falsecount="0"/>
      <line num="146" count="4" type="stmt"/>
      <line num="148" count="1" type="stmt"/>
      <line num="152" count="1" type="cond" truecount="1" falsecount="0"/>
      <line num="153" count="32" type="stmt"/>
      <line num="154" count="4" type="cond" truecount="2" falsecount="0"/>
      <line num="157" count="1" type="stmt"/>
      <line num="158" count="5" type="stmt"/>
      <line num="160" count="5" type="cond" truecount="2" falsecount="0"/>
      <line num="161" count="1" type="stmt"/>
      <line num="164" count="4" type="cond" truecount="1" falsecount="1"/>
      <line num="165" count="0" type="stmt"/>
      <line num="168" count="4" type="stmt"/>
      <line num="171" count="1" type="stmt"/>
      <line num="172" count="5" type="stmt"/>
      <line num="173" count="5" type="cond" truecount="2" falsecount="0"/>
      <line num="174" count="4" type="stmt"/>
      <line num="176" count="1" type="stmt"/>
      <line num="180" count="1" type="cond" truecount="1" falsecount="0"/>
      <line num="181" count="14" type="stmt"/>
      <line num="182" count="14" type="stmt"/>
      <line num="183" count="98" type="stmt"/>
      <line num="185" count="14" type="stmt"/>
      <line num="186" count="14" type="cond" truecount="2" falsecount="0"/>
      <line num="189" count="1" type="stmt"/>
      <line num="190" count="6" type="stmt"/>
      <line num="191" count="6" type="cond" truecount="2" falsecount="0"/>
      <line num="192" count="1" type="stmt"/>
      <line num="193" count="5" type="cond" truecount="2" falsecount="0"/>
      <line num="194" count="4" type="stmt"/>
      <line num="196" count="1" type="stmt"/>
      <line num="199" count="1" type="stmt"/>
      <line num="200" count="8" type="stmt"/>
      <line num="202" count="8" type="cond" truecount="4" falsecount="0"/>
      <line num="203" count="1" type="stmt"/>
      <line num="206" count="7" type="stmt"/>
      <line num="207" count="7" type="cond" truecount="4" falsecount="0"/>
      <line num="208" count="1" type="stmt"/>
      <line num="211" count="6" type="cond" truecount="2" falsecount="0"/>
      <line num="212" count="2" type="stmt"/>
      <line num="213" count="2" type="cond" truecount="4" falsecount="0"/>
      <line num="214" count="1" type="stmt"/>
      <line num="218" count="5" type="stmt"/>
      <line num="222" count="1" type="cond" truecount="1" falsecount="0"/>
      <line num="223" count="135" type="stmt"/>
      <line num="224" count="15" type="cond" truecount="2" falsecount="0"/>
      <line num="227" count="1" type="stmt"/>
      <line num="228" count="5" type="stmt"/>
      <line num="229" count="5" type="cond" truecount="2" falsecount="0"/>
      <line num="230" count="4" type="stmt"/>
      <line num="232" count="1" type="stmt"/>
      <line num="236" count="1" type="cond" truecount="1" falsecount="0"/>
      <line num="237" count="5" type="cond" truecount="2" falsecount="0"/>
      <line num="239" count="12" type="stmt"/>
      <line num="240" count="4" type="stmt"/>
      <line num="241" count="4" type="stmt"/>
      <line num="242" count="8" type="stmt"/>
      <line num="243" count="4" type="stmt"/>
      <line num="246" count="3" type="stmt"/>
      <line num="247" count="4" type="stmt"/>
      <line num="248" count="1" type="stmt"/>
      <line num="252" count="1" type="stmt"/>
      <line num="253" count="8" type="stmt"/>
      <line num="256" count="8" type="stmt"/>
      <line num="257" count="8" type="cond" truecount="2" falsecount="0"/>
      <line num="258" count="3" type="stmt"/>
      <line num="262" count="5" type="stmt"/>
      <line num="263" count="5" type="cond" truecount="2" falsecount="0"/>
      <line num="264" count="3" type="stmt"/>
      <line num="267" count="2" type="stmt"/>
    </file>
    <file name="clipboard-utils.ts" path="/workspaces/dev-power-tools/src/lib/clipboard-utils.ts">
      <metrics statements="15" coveredstatements="13" conditionals="4" coveredconditionals="3" methods="6" coveredmethods="6"/>
      <line num="10" count="13" type="stmt"/>
      <line num="11" count="13" type="stmt"/>
      <line num="12" count="13" type="stmt"/>
      <line num="13" count="10" type="stmt"/>
      <line num="15" count="3" type="stmt"/>
      <line num="22" count="2" type="stmt"/>
      <line num="23" count="2" type="stmt"/>
      <line num="24" count="2" type="stmt"/>
      <line num="26" count="0" type="stmt"/>
      <line num="27" count="0" type="stmt"/>
      <line num="31" count="10" type="stmt"/>
      <line num="32" count="10" type="stmt"/>
      <line num="33" count="10" type="stmt"/>
      <line num="34" count="9" type="stmt"/>
      <line num="36" count="1" type="stmt"/>
    </file>
    <file name="dev-utils.ts" path="/workspaces/dev-power-tools/src/lib/dev-utils.ts">
      <metrics statements="136" coveredstatements="63" conditionals="73" coveredconditionals="21" methods="22" coveredmethods="11"/>
      <line num="4" count="1" type="stmt"/>
      <line num="5" count="3" type="stmt"/>
      <line num="8" count="1" type="stmt"/>
      <line num="9" count="4" type="stmt"/>
      <line num="10" count="4" type="stmt"/>
      <line num="12" count="1" type="stmt"/>
      <line num="17" count="1" type="stmt"/>
      <line num="18" count="3" type="stmt"/>
      <line num="21" count="1" type="stmt"/>
      <line num="22" count="4" type="stmt"/>
      <line num="23" count="4" type="stmt"/>
      <line num="25" count="1" type="stmt"/>
      <line num="30" count="1" type="stmt"/>
      <line num="34" count="5" type="cond" truecount="2" falsecount="0"/>
      <line num="36" count="1" type="stmt"/>
      <line num="37" count="1" type="stmt"/>
      <line num="40" count="1" type="stmt"/>
      <line num="41" count="1" type="stmt"/>
      <line num="42" count="11" type="stmt"/>
      <line num="44" count="1" type="stmt"/>
      <line num="48" count="4" type="stmt"/>
      <line num="49" count="4" type="stmt"/>
      <line num="52" count="4" type="cond" truecount="2" falsecount="0"/>
      <line num="53" count="1" type="stmt"/>
      <line num="54" count="3" type="cond" truecount="1" falsecount="1"/>
      <line num="55" count="3" type="stmt"/>
      <line num="57" count="0" type="stmt"/>
      <line num="60" count="4" type="stmt"/>
      <line num="61" count="116" type="stmt"/>
      <line num="73" count="1" type="stmt"/>
      <line num="74" count="4" type="stmt"/>
      <line num="75" count="4" type="stmt"/>
      <line num="76" count="4" type="cond" truecount="2" falsecount="0"/>
      <line num="77" count="2" type="stmt"/>
      <line num="86" count="2" type="stmt"/>
      <line num="87" count="1" type="stmt"/>
      <line num="88" count="1" type="stmt"/>
      <line num="90" count="1" type="stmt"/>
      <line num="97" count="1" type="stmt"/>
      <line num="108" count="1" type="cond" truecount="1" falsecount="0"/>
      <line num="109" count="104" type="cond" truecount="1" falsecount="1"/>
      <line num="110" count="104" type="stmt"/>
      <line num="111" count="3224" type="stmt"/>
      <line num="112" count="3224" type="cond" truecount="2" falsecount="0"/>
      <line num="113" count="3224" type="stmt"/>
      <line num="117" count="0" type="cond" truecount="0" falsecount="2"/>
      <line num="119" count="0" type="stmt"/>
      <line num="120" count="0" type="stmt"/>
      <line num="121" count="0" type="stmt"/>
      <line num="122" count="0" type="stmt"/>
      <line num="123" count="0" type="cond" truecount="0" falsecount="2"/>
      <line num="124" count="0" type="stmt"/>
      <line num="128" count="0" type="cond" truecount="0" falsecount="2"/>
      <line num="130" count="0" type="stmt"/>
      <line num="131" count="0" type="stmt"/>
      <line num="132" count="0" type="stmt"/>
      <line num="134" count="0" type="stmt"/>
      <line num="137" count="0" type="stmt"/>
      <line num="141" count="1" type="stmt"/>
      <line num="142" count="0" type="stmt"/>
      <line num="143" count="0" type="stmt"/>
      <line num="144" count="0" type="cond" truecount="0" falsecount="2"/>
      <line num="145" count="0" type="stmt"/>
      <line num="149" count="0" type="cond" truecount="0" falsecount="2"/>
      <line num="150" count="0" type="cond" truecount="0" falsecount="2"/>
      <line num="151" count="0" type="stmt"/>
      <line num="154" count="0" type="stmt"/>
      <line num="156" count="0" type="stmt"/>
      <line num="160" count="1" type="stmt"/>
      <line num="161" count="0" type="stmt"/>
      <line num="162" count="0" type="stmt"/>
      <line num="163" count="0" type="cond" truecount="0" falsecount="2"/>
      <line num="164" count="0" type="stmt"/>
      <line num="167" count="0" type="stmt"/>
      <line num="169" count="0" type="stmt"/>
      <line num="183" count="1" type="stmt"/>
      <line num="184" count="5" type="stmt"/>
      <line num="186" count="5" type="cond" truecount="1" falsecount="1"/>
      <line num="187" count="5" type="cond" truecount="1" falsecount="1"/>
      <line num="190" count="5" type="cond" truecount="1" falsecount="1"/>
      <line num="191" count="5" type="cond" truecount="1" falsecount="1"/>
      <line num="194" count="5" type="cond" truecount="1" falsecount="1"/>
      <line num="195" count="5" type="cond" truecount="1" falsecount="1"/>
      <line num="198" count="5" type="cond" truecount="2" falsecount="0"/>
      <line num="199" count="2" type="cond" truecount="1" falsecount="1"/>
      <line num="202" count="5" type="cond" truecount="1" falsecount="1"/>
      <line num="203" count="0" type="stmt"/>
      <line num="206" count="5" type="stmt"/>
      <line num="207" count="80" type="stmt"/>
      <line num="212" count="1" type="stmt"/>
      <line num="223" count="1" type="stmt"/>
      <line num="224" count="0" type="cond" truecount="0" falsecount="2"/>
      <line num="225" count="0" type="stmt"/>
      <line num="226" count="0" type="stmt"/>
      <line num="230" count="0" type="cond" truecount="0" falsecount="2"/>
      <line num="231" count="0" type="stmt"/>
      <line num="232" count="0" type="stmt"/>
      <line num="233" count="0" type="stmt"/>
      <line num="234" count="0" type="stmt"/>
      <line num="236" count="0" type="stmt"/>
      <line num="237" count="0" type="stmt"/>
      <line num="241" count="0" type="cond" truecount="0" falsecount="2"/>
      <line num="242" count="0" type="stmt"/>
      <line num="243" count="0" type="stmt"/>
      <line num="244" count="0" type="stmt"/>
      <line num="248" count="0" type="stmt"/>
      <line num="252" count="1" type="stmt"/>
      <line num="253" count="0" type="stmt"/>
      <line num="255" count="0" type="cond" truecount="0" falsecount="2"/>
      <line num="256" count="0" type="stmt"/>
      <line num="259" count="0" type="cond" truecount="0" falsecount="2"/>
      <line num="260" count="0" type="stmt"/>
      <line num="263" count="0" type="stmt"/>
      <line num="267" count="1" type="stmt"/>
      <line num="268" count="0" type="stmt"/>
      <line num="270" count="0" type="cond" truecount="0" falsecount="4"/>
      <line num="271" count="0" type="stmt"/>
      <line num="275" count="0" type="stmt"/>
      <line num="276" count="0" type="stmt"/>
      <line num="278" count="0" type="stmt"/>
      <line num="279" count="0" type="stmt"/>
      <line num="281" count="0" type="cond" truecount="0" falsecount="2"/>
      <line num="282" count="0" type="stmt"/>
      <line num="283" count="0" type="cond" truecount="0" falsecount="2"/>
      <line num="284" count="0" type="stmt"/>
      <line num="288" count="0" type="stmt"/>
      <line num="289" count="0" type="stmt"/>
      <line num="292" count="0" type="stmt"/>
      <line num="294" count="0" type="cond" truecount="0" falsecount="2"/>
      <line num="295" count="0" type="stmt"/>
      <line num="299" count="0" type="stmt"/>
      <line num="300" count="0" type="cond" truecount="0" falsecount="2"/>
      <line num="301" count="0" type="cond" truecount="0" falsecount="2"/>
      <line num="302" count="0" type="cond" truecount="0" falsecount="2"/>
      <line num="303" count="0" type="cond" truecount="0" falsecount="2"/>
      <line num="305" count="0" type="stmt"/>
    </file>
    <file name="download-utils.ts" path="/workspaces/dev-power-tools/src/lib/download-utils.ts">
      <metrics statements="23" coveredstatements="23" conditionals="4" coveredconditionals="4" methods="3" coveredmethods="3"/>
      <line num="5" count="1" type="stmt"/>
      <line num="6" count="8" type="stmt"/>
      <line num="7" count="8" type="stmt"/>
      <line num="8" count="8" type="stmt"/>
      <line num="9" count="8" type="stmt"/>
      <line num="10" count="8" type="stmt"/>
      <line num="11" count="8" type="stmt"/>
      <line num="12" count="8" type="stmt"/>
      <line num="13" count="8" type="stmt"/>
      <line num="14" count="8" type="stmt"/>
      <line num="17" count="1" type="stmt"/>
      <line num="18" count="4" type="stmt"/>
      <line num="19" count="4" type="cond" truecount="2" falsecount="0"/>
      <line num="22" count="1" type="stmt"/>
      <line num="23" count="4" type="stmt"/>
      <line num="24" count="4" type="stmt"/>
      <line num="25" count="4" type="stmt"/>
      <line num="26" count="4" type="stmt"/>
      <line num="27" count="4" type="cond" truecount="2" falsecount="0"/>
      <line num="28" count="4" type="stmt"/>
      <line num="29" count="4" type="stmt"/>
      <line num="30" count="4" type="stmt"/>
      <line num="31" count="4" type="stmt"/>
    </file>
    <file name="json-utils.ts" path="/workspaces/dev-power-tools/src/lib/json-utils.ts">
      <metrics statements="177" coveredstatements="149" conditionals="124" coveredconditionals="91" methods="17" coveredmethods="15"/>
      <line num="20" count="1" type="stmt"/>
      <line num="21" count="31" type="stmt"/>
      <line num="22" count="31" type="stmt"/>
      <line num="23" count="26" type="stmt"/>
      <line num="25" count="5" type="stmt"/>
      <line num="35" count="1" type="cond" truecount="1" falsecount="0"/>
      <line num="36" count="4" type="cond" truecount="3" falsecount="0"/>
      <line num="38" count="4" type="stmt"/>
      <line num="39" count="4" type="cond" truecount="2" falsecount="0"/>
      <line num="40" count="1" type="stmt"/>
      <line num="43" count="3" type="stmt"/>
      <line num="44" count="3" type="stmt"/>
      <line num="46" count="3" type="cond" truecount="1" falsecount="1"/>
      <line num="47" count="0" type="stmt"/>
      <line num="50" count="3" type="cond" truecount="2" falsecount="0"/>
      <line num="51" count="3" type="stmt"/>
      <line num="52" count="3" type="stmt"/>
      <line num="54" count="0" type="stmt"/>
      <line num="64" count="1" type="stmt"/>
      <line num="65" count="3" type="stmt"/>
      <line num="66" count="3" type="cond" truecount="2" falsecount="0"/>
      <line num="67" count="1" type="stmt"/>
      <line num="70" count="2" type="stmt"/>
      <line num="71" count="2" type="stmt"/>
      <line num="72" count="2" type="stmt"/>
      <line num="74" count="0" type="stmt"/>
      <line num="84" count="1" type="stmt"/>
      <line num="85" count="2" type="stmt"/>
      <line num="96" count="1" type="stmt"/>
      <line num="97" count="2" type="stmt"/>
      <line num="108" count="1" type="cond" truecount="1" falsecount="0"/>
      <line num="109" count="6" type="cond" truecount="1" falsecount="1"/>
      <line num="110" count="0" type="stmt"/>
      <line num="111" count="0" type="cond" truecount="0" falsecount="4"/>
      <line num="112" count="0" type="stmt"/>
      <line num="114" count="0" type="stmt"/>
      <line num="117" count="6" type="stmt"/>
      <line num="123" count="1" type="cond" truecount="1" falsecount="0"/>
      <line num="124" count="3" type="stmt"/>
      <line num="125" count="3" type="cond" truecount="2" falsecount="0"/>
      <line num="126" count="1" type="stmt"/>
      <line num="129" count="2" type="stmt"/>
      <line num="130" count="2" type="stmt"/>
      <line num="132" count="2" type="cond" truecount="1" falsecount="1"/>
      <line num="133" count="0" type="stmt"/>
      <line num="136" count="2" type="stmt"/>
      <line num="138" count="0" type="stmt"/>
      <line num="149" count="0" type="cond" truecount="0" falsecount="2"/>
      <line num="150" count="0" type="stmt"/>
      <line num="151" count="0" type="stmt"/>
      <line num="152" count="0" type="stmt"/>
      <line num="154" count="0" type="stmt"/>
      <line num="156" count="0" type="cond" truecount="0" falsecount="2"/>
      <line num="157" count="0" type="stmt"/>
      <line num="158" count="0" type="cond" truecount="0" falsecount="4"/>
      <line num="159" count="0" type="stmt"/>
      <line num="160" count="0" type="stmt"/>
      <line num="161" count="0" type="stmt"/>
      <line num="163" count="0" type="stmt"/>
      <line num="165" count="0" type="stmt"/>
      <line num="171" count="1" type="cond" truecount="1" falsecount="0"/>
      <line num="173" count="26" type="cond" truecount="4" falsecount="0"/>
      <line num="175" count="8" type="cond" truecount="1" falsecount="1"/>
      <line num="176" count="8" type="stmt"/>
      <line num="179" count="0" type="stmt"/>
      <line num="182" count="18" type="stmt"/>
      <line num="185" count="18" type="cond" truecount="2" falsecount="0"/>
      <line num="186" count="4" type="stmt"/>
      <line num="187" count="6" type="cond" truecount="1" falsecount="1"/>
      <line num="189" count="6" type="cond" truecount="3" falsecount="1"/>
      <line num="190" count="6" type="stmt"/>
      <line num="192" count="0" type="stmt"/>
      <line num="195" count="4" type="stmt"/>
      <line num="199" count="14" type="stmt"/>
      <line num="200" count="21" type="cond" truecount="1" falsecount="1"/>
      <line num="201" count="21" type="cond" truecount="2" falsecount="0"/>
      <line num="203" count="21" type="cond" truecount="2" falsecount="0"/>
      <line num="205" count="1" type="stmt"/>
      <line num="206" count="3" type="stmt"/>
      <line num="207" count="3" type="cond" truecount="4" falsecount="0"/>
      <line num="208" count="1" type="stmt"/>
      <line num="210" count="2" type="stmt"/>
      <line num="213" count="20" type="cond" truecount="4" falsecount="0"/>
      <line num="215" count="3" type="stmt"/>
      <line num="218" count="17" type="stmt"/>
      <line num="223" count="14" type="stmt"/>
      <line num="229" count="1" type="stmt"/>
      <line num="231" count="15" type="cond" truecount="5" falsecount="0"/>
      <line num="232" count="8" type="stmt"/>
      <line num="236" count="7" type="stmt"/>
      <line num="237" count="7" type="cond" truecount="1" falsecount="1"/>
      <line num="238" count="0" type="stmt"/>
      <line num="241" count="7" type="stmt"/>
      <line num="244" count="7" type="stmt"/>
      <line num="245" count="13" type="stmt"/>
      <line num="246" count="13" type="stmt"/>
      <line num="249" count="7" type="cond" truecount="2" falsecount="0"/>
      <line num="251" count="4" type="stmt"/>
      <line num="252" count="4" type="stmt"/>
      <line num="253" count="10" type="stmt"/>
      <line num="254" count="10" type="stmt"/>
      <line num="256" count="10" type="stmt"/>
      <line num="257" count="10" type="stmt"/>
      <line num="258" count="10" type="stmt"/>
      <line num="259" count="10" type="stmt"/>
      <line num="261" count="10" type="cond" truecount="2" falsecount="0"/>
      <line num="263" count="6" type="stmt"/>
      <line num="264" count="6" type="cond" truecount="1" falsecount="1"/>
      <line num="266" count="10" type="stmt"/>
      <line num="269" count="10" type="stmt"/>
      <line num="270" count="10" type="cond" truecount="1" falsecount="1"/>
      <line num="271" count="0" type="stmt"/>
      <line num="272" count="0" type="stmt"/>
      <line num="274" count="10" type="stmt"/>
      <line num="277" count="4" type="stmt"/>
      <line num="281" count="3" type="stmt"/>
      <line num="282" count="7" type="stmt"/>
      <line num="283" count="7" type="stmt"/>
      <line num="285" count="7" type="stmt"/>
      <line num="286" count="9" type="stmt"/>
      <line num="287" count="9" type="stmt"/>
      <line num="289" count="9" type="cond" truecount="2" falsecount="0"/>
      <line num="291" count="5" type="stmt"/>
      <line num="292" count="5" type="cond" truecount="2" falsecount="0"/>
      <line num="294" count="9" type="stmt"/>
      <line num="297" count="7" type="stmt"/>
      <line num="299" count="7" type="cond" truecount="2" falsecount="0"/>
      <line num="300" count="2" type="stmt"/>
      <line num="301" count="2" type="cond" truecount="1" falsecount="1"/>
      <line num="302" count="0" type="stmt"/>
      <line num="304" count="2" type="stmt"/>
      <line num="306" count="5" type="stmt"/>
      <line num="310" count="3" type="stmt"/>
      <line num="316" count="1" type="stmt"/>
      <line num="317" count="5" type="stmt"/>
      <line num="318" count="5" type="stmt"/>
      <line num="320" count="5" type="cond" truecount="1" falsecount="1"/>
      <line num="321" count="5" type="cond" truecount="2" falsecount="0"/>
      <line num="323" count="4" type="stmt"/>
      <line num="324" count="4" type="stmt"/>
      <line num="331" count="5" type="stmt"/>
      <line num="334" count="5" type="stmt"/>
      <line num="335" count="3" type="stmt"/>
      <line num="344" count="5" type="cond" truecount="6" falsecount="0"/>
      <line num="345" count="4" type="stmt"/>
      <line num="346" count="4" type="stmt"/>
      <line num="347" count="4" type="stmt"/>
      <line num="349" count="4" type="stmt"/>
      <line num="350" count="8" type="cond" truecount="1" falsecount="1"/>
      <line num="352" count="8" type="cond" truecount="2" falsecount="0"/>
      <line num="353" count="1" type="stmt"/>
      <line num="354" count="7" type="cond" truecount="2" falsecount="0"/>
      <line num="355" count="1" type="stmt"/>
      <line num="356" count="6" type="cond" truecount="2" falsecount="0"/>
      <line num="357" count="1" type="stmt"/>
      <line num="360" count="1" type="cond" truecount="1" falsecount="1"/>
      <line num="361" count="1" type="stmt"/>
      <line num="364" count="5" type="stmt"/>
      <line num="370" count="1" type="cond" truecount="1" falsecount="0"/>
      <line num="375" count="5" type="cond" truecount="3" falsecount="0"/>
      <line num="377" count="5" type="stmt"/>
      <line num="378" count="17" type="cond" truecount="2" falsecount="0"/>
      <line num="379" count="8" type="stmt"/>
      <line num="386" count="8" type="stmt"/>
      <line num="389" count="9" type="stmt"/>
      <line num="390" count="9" type="stmt"/>
      <line num="392" count="9" type="cond" truecount="3" falsecount="0"/>
      <line num="394" count="3" type="stmt"/>
      <line num="395" count="3" type="stmt"/>
      <line num="396" count="3" type="stmt"/>
      <line num="398" count="3" type="stmt"/>
      <line num="401" count="2" type="stmt"/>
      <line num="402" count="2" type="stmt"/>
      <line num="403" count="5" type="stmt"/>
      <line num="405" count="2" type="stmt"/>
      <line num="408" count="4" type="stmt"/>
      <line num="412" count="5" type="stmt"/>
    </file>
    <file name="toast-utils.ts" path="/workspaces/dev-power-tools/src/lib/toast-utils.ts">
      <metrics statements="8" coveredstatements="8" conditionals="1" coveredconditionals="1" methods="7" coveredmethods="7"/>
      <line num="13" count="1" type="stmt"/>
      <line num="14" count="22" type="stmt"/>
      <line num="16" count="4" type="stmt"/>
      <line num="24" count="4" type="stmt"/>
      <line num="32" count="8" type="stmt"/>
      <line num="39" count="3" type="stmt"/>
      <line num="47" count="7" type="stmt"/>
      <line num="54" count="3" type="stmt"/>
    </file>
    <file name="utils.ts" path="/workspaces/dev-power-tools/src/lib/utils.ts">
      <metrics statements="4" coveredstatements="4" conditionals="0" coveredconditionals="0" methods="1" coveredmethods="1"/>
      <line num="1" count="1" type="stmt"/>
      <line num="2" count="1" type="stmt"/>
      <line num="4" count="1" type="stmt"/>
      <line num="5" count="14" type="stmt"/>
    </file>
  </project>
</coverage>
