{"/workspaces/dev-power-tools/src/lib/brazilian-utils.ts": {"path":"/workspaces/dev-power-tools/src/lib/brazilian-utils.ts","statementMap":{"0":{"start":{"line":4,"column":0},"end":{"line":4,"column":16}},"1":{"start":{"line":27,"column":0},"end":{"line":27,"column":16}},"2":{"start":{"line":67,"column":0},"end":{"line":67,"column":16}},"3":{"start":{"line":76,"column":0},"end":{"line":76,"column":16}},"4":{"start":{"line":101,"column":0},"end":{"line":101,"column":16}},"5":{"start":{"line":143,"column":0},"end":{"line":143,"column":16}},"6":{"start":{"line":152,"column":0},"end":{"line":152,"column":16}},"7":{"start":{"line":157,"column":0},"end":{"line":157,"column":16}},"8":{"start":{"line":171,"column":0},"end":{"line":171,"column":16}},"9":{"start":{"line":180,"column":0},"end":{"line":180,"column":16}},"10":{"start":{"line":189,"column":0},"end":{"line":189,"column":16}},"11":{"start":{"line":199,"column":0},"end":{"line":199,"column":16}},"12":{"start":{"line":222,"column":0},"end":{"line":222,"column":16}},"13":{"start":{"line":227,"column":0},"end":{"line":227,"column":16}},"14":{"start":{"line":236,"column":0},"end":{"line":236,"column":16}},"15":{"start":{"line":252,"column":0},"end":{"line":252,"column":16}},"16":{"start":{"line":5,"column":23},"end":{"line":5,"column":86}},"17":{"start":{"line":5,"column":55},"end":{"line":5,"column":85}},"18":{"start":{"line":8,"column":12},"end":{"line":8,"column":13}},"19":{"start":{"line":9,"column":2},"end":{"line":11,"column":3}},"20":{"start":{"line":9,"column":15},"end":{"line":9,"column":16}},"21":{"start":{"line":10,"column":4},"end":{"line":10,"column":38}},"22":{"start":{"line":12,"column":21},"end":{"line":12,"column":43}},"23":{"start":{"line":15,"column":2},"end":{"line":15,"column":10}},"24":{"start":{"line":16,"column":2},"end":{"line":18,"column":3}},"25":{"start":{"line":16,"column":15},"end":{"line":16,"column":16}},"26":{"start":{"line":17,"column":4},"end":{"line":17,"column":38}},"27":{"start":{"line":19,"column":2},"end":{"line":19,"column":24}},"28":{"start":{"line":20,"column":22},"end":{"line":20,"column":44}},"29":{"start":{"line":22,"column":14},"end":{"line":22,"column":65}},"30":{"start":{"line":24,"column":2},"end":{"line":24,"column":41}},"31":{"start":{"line":28,"column":18},"end":{"line":28,"column":40}},"32":{"start":{"line":30,"column":2},"end":{"line":32,"column":3}},"33":{"start":{"line":31,"column":4},"end":{"line":31,"column":62}},"34":{"start":{"line":35,"column":2},"end":{"line":37,"column":3}},"35":{"start":{"line":36,"column":4},"end":{"line":36,"column":79}},"36":{"start":{"line":39,"column":17},"end":{"line":39,"column":46}},"37":{"start":{"line":42,"column":12},"end":{"line":42,"column":13}},"38":{"start":{"line":43,"column":2},"end":{"line":45,"column":3}},"39":{"start":{"line":43,"column":15},"end":{"line":43,"column":16}},"40":{"start":{"line":44,"column":4},"end":{"line":44,"column":32}},"41":{"start":{"line":46,"column":21},"end":{"line":46,"column":43}},"42":{"start":{"line":48,"column":2},"end":{"line":50,"column":3}},"43":{"start":{"line":49,"column":4},"end":{"line":49,"column":75}},"44":{"start":{"line":53,"column":2},"end":{"line":53,"column":10}},"45":{"start":{"line":54,"column":2},"end":{"line":56,"column":3}},"46":{"start":{"line":54,"column":15},"end":{"line":54,"column":16}},"47":{"start":{"line":55,"column":4},"end":{"line":55,"column":32}},"48":{"start":{"line":57,"column":2},"end":{"line":57,"column":23}},"49":{"start":{"line":58,"column":22},"end":{"line":58,"column":44}},"50":{"start":{"line":60,"column":2},"end":{"line":62,"column":3}},"51":{"start":{"line":61,"column":4},"end":{"line":61,"column":74}},"52":{"start":{"line":64,"column":2},"end":{"line":64,"column":25}},"53":{"start":{"line":68,"column":18},"end":{"line":68,"column":40}},"54":{"start":{"line":69,"column":2},"end":{"line":71,"column":3}},"55":{"start":{"line":70,"column":4},"end":{"line":70,"column":74}},"56":{"start":{"line":72,"column":2},"end":{"line":72,"column":13}},"57":{"start":{"line":77,"column":23},"end":{"line":77,"column":87}},"58":{"start":{"line":77,"column":56},"end":{"line":77,"column":86}},"59":{"start":{"line":80,"column":19},"end":{"line":80,"column":55}},"60":{"start":{"line":81,"column":12},"end":{"line":81,"column":13}},"61":{"start":{"line":82,"column":2},"end":{"line":84,"column":3}},"62":{"start":{"line":82,"column":15},"end":{"line":82,"column":16}},"63":{"start":{"line":83,"column":4},"end":{"line":83,"column":41}},"64":{"start":{"line":85,"column":21},"end":{"line":85,"column":55}},"65":{"start":{"line":88,"column":19},"end":{"line":88,"column":58}},"66":{"start":{"line":89,"column":2},"end":{"line":89,"column":10}},"67":{"start":{"line":90,"column":2},"end":{"line":92,"column":3}},"68":{"start":{"line":90,"column":15},"end":{"line":90,"column":16}},"69":{"start":{"line":91,"column":4},"end":{"line":91,"column":41}},"70":{"start":{"line":93,"column":2},"end":{"line":93,"column":35}},"71":{"start":{"line":94,"column":22},"end":{"line":94,"column":56}},"72":{"start":{"line":96,"column":15},"end":{"line":96,"column":66}},"73":{"start":{"line":98,"column":2},"end":{"line":98,"column":44}},"74":{"start":{"line":102,"column":18},"end":{"line":102,"column":41}},"75":{"start":{"line":104,"column":2},"end":{"line":106,"column":3}},"76":{"start":{"line":105,"column":4},"end":{"line":105,"column":63}},"77":{"start":{"line":109,"column":2},"end":{"line":111,"column":3}},"78":{"start":{"line":110,"column":4},"end":{"line":110,"column":80}},"79":{"start":{"line":113,"column":17},"end":{"line":113,"column":46}},"80":{"start":{"line":116,"column":19},"end":{"line":116,"column":55}},"81":{"start":{"line":117,"column":12},"end":{"line":117,"column":13}},"82":{"start":{"line":118,"column":2},"end":{"line":120,"column":3}},"83":{"start":{"line":118,"column":15},"end":{"line":118,"column":16}},"84":{"start":{"line":119,"column":4},"end":{"line":119,"column":35}},"85":{"start":{"line":121,"column":21},"end":{"line":121,"column":55}},"86":{"start":{"line":123,"column":2},"end":{"line":125,"column":3}},"87":{"start":{"line":124,"column":4},"end":{"line":124,"column":75}},"88":{"start":{"line":128,"column":19},"end":{"line":128,"column":58}},"89":{"start":{"line":129,"column":2},"end":{"line":129,"column":10}},"90":{"start":{"line":130,"column":2},"end":{"line":132,"column":3}},"91":{"start":{"line":130,"column":15},"end":{"line":130,"column":16}},"92":{"start":{"line":131,"column":4},"end":{"line":131,"column":35}},"93":{"start":{"line":133,"column":2},"end":{"line":133,"column":35}},"94":{"start":{"line":134,"column":22},"end":{"line":134,"column":56}},"95":{"start":{"line":136,"column":2},"end":{"line":138,"column":3}},"96":{"start":{"line":137,"column":4},"end":{"line":137,"column":74}},"97":{"start":{"line":140,"column":2},"end":{"line":140,"column":25}},"98":{"start":{"line":144,"column":18},"end":{"line":144,"column":41}},"99":{"start":{"line":145,"column":2},"end":{"line":147,"column":3}},"100":{"start":{"line":146,"column":4},"end":{"line":146,"column":84}},"101":{"start":{"line":148,"column":2},"end":{"line":148,"column":14}},"102":{"start":{"line":153,"column":14},"end":{"line":153,"column":86}},"103":{"start":{"line":153,"column":46},"end":{"line":153,"column":76}},"104":{"start":{"line":154,"column":2},"end":{"line":154,"column":41}},"105":{"start":{"line":158,"column":18},"end":{"line":158,"column":40}},"106":{"start":{"line":160,"column":2},"end":{"line":162,"column":3}},"107":{"start":{"line":161,"column":4},"end":{"line":161,"column":61}},"108":{"start":{"line":164,"column":2},"end":{"line":166,"column":3}},"109":{"start":{"line":165,"column":4},"end":{"line":165,"column":69}},"110":{"start":{"line":168,"column":2},"end":{"line":168,"column":25}},"111":{"start":{"line":172,"column":18},"end":{"line":172,"column":40}},"112":{"start":{"line":173,"column":2},"end":{"line":175,"column":3}},"113":{"start":{"line":174,"column":4},"end":{"line":174,"column":54}},"114":{"start":{"line":176,"column":2},"end":{"line":176,"column":13}},"115":{"start":{"line":181,"column":14},"end":{"line":181,"column":49}},"116":{"start":{"line":182,"column":21},"end":{"line":182,"column":54}},"117":{"start":{"line":183,"column":26},"end":{"line":183,"column":98}},"118":{"start":{"line":183,"column":58},"end":{"line":183,"column":88}},"119":{"start":{"line":185,"column":16},"end":{"line":185,"column":55}},"120":{"start":{"line":186,"column":2},"end":{"line":186,"column":47}},"121":{"start":{"line":190,"column":18},"end":{"line":190,"column":42}},"122":{"start":{"line":191,"column":2},"end":{"line":195,"column":3}},"123":{"start":{"line":192,"column":4},"end":{"line":192,"column":66}},"124":{"start":{"line":193,"column":9},"end":{"line":195,"column":3}},"125":{"start":{"line":194,"column":4},"end":{"line":194,"column":66}},"126":{"start":{"line":196,"column":2},"end":{"line":196,"column":15}},"127":{"start":{"line":200,"column":18},"end":{"line":200,"column":42}},"128":{"start":{"line":202,"column":2},"end":{"line":204,"column":3}},"129":{"start":{"line":203,"column":4},"end":{"line":203,"column":73}},"130":{"start":{"line":206,"column":14},"end":{"line":206,"column":47}},"131":{"start":{"line":207,"column":2},"end":{"line":209,"column":3}},"132":{"start":{"line":208,"column":4},"end":{"line":208,"column":78}},"133":{"start":{"line":211,"column":2},"end":{"line":216,"column":3}},"134":{"start":{"line":212,"column":23},"end":{"line":212,"column":43}},"135":{"start":{"line":213,"column":4},"end":{"line":215,"column":5}},"136":{"start":{"line":214,"column":6},"end":{"line":214,"column":81}},"137":{"start":{"line":218,"column":2},"end":{"line":218,"column":25}},"138":{"start":{"line":223,"column":13},"end":{"line":223,"column":85}},"139":{"start":{"line":223,"column":45},"end":{"line":223,"column":75}},"140":{"start":{"line":224,"column":2},"end":{"line":224,"column":38}},"141":{"start":{"line":228,"column":18},"end":{"line":228,"column":39}},"142":{"start":{"line":229,"column":2},"end":{"line":231,"column":3}},"143":{"start":{"line":230,"column":4},"end":{"line":230,"column":74}},"144":{"start":{"line":232,"column":2},"end":{"line":232,"column":12}},"145":{"start":{"line":237,"column":2},"end":{"line":249,"column":3}},"146":{"start":{"line":239,"column":21},"end":{"line":239,"column":119}},"147":{"start":{"line":239,"column":53},"end":{"line":239,"column":109}},"148":{"start":{"line":240,"column":20},"end":{"line":240,"column":50}},"149":{"start":{"line":241,"column":20},"end":{"line":241,"column":76}},"150":{"start":{"line":242,"column":21},"end":{"line":242,"column":93}},"151":{"start":{"line":242,"column":53},"end":{"line":242,"column":83}},"152":{"start":{"line":243,"column":4},"end":{"line":243,"column":56}},"153":{"start":{"line":246,"column":20},"end":{"line":246,"column":118}},"154":{"start":{"line":246,"column":52},"end":{"line":246,"column":108}},"155":{"start":{"line":247,"column":20},"end":{"line":247,"column":92}},"156":{"start":{"line":247,"column":52},"end":{"line":247,"column":82}},"157":{"start":{"line":248,"column":4},"end":{"line":248,"column":35}},"158":{"start":{"line":253,"column":18},"end":{"line":253,"column":64}},"159":{"start":{"line":256,"column":26},"end":{"line":256,"column":50}},"160":{"start":{"line":257,"column":2},"end":{"line":259,"column":3}},"161":{"start":{"line":258,"column":4},"end":{"line":258,"column":45}},"162":{"start":{"line":262,"column":21},"end":{"line":262,"column":38}},"163":{"start":{"line":263,"column":2},"end":{"line":265,"column":3}},"164":{"start":{"line":264,"column":4},"end":{"line":264,"column":43}},"165":{"start":{"line":267,"column":2},"end":{"line":267,"column":82}}},"fnMap":{"0":{"name":"generateCPF","decl":{"start":{"line":4,"column":16},"end":{"line":4,"column":27}},"loc":{"start":{"line":4,"column":53},"end":{"line":25,"column":1}}},"1":{"name":"(anonymous_1)","decl":{"start":{"line":5,"column":49},"end":{"line":5,"column":52}},"loc":{"start":{"line":5,"column":55},"end":{"line":5,"column":85}}},"2":{"name":"validateCPF","decl":{"start":{"line":27,"column":16},"end":{"line":27,"column":27}},"loc":{"start":{"line":27,"column":39},"end":{"line":65,"column":1}}},"3":{"name":"formatCPF","decl":{"start":{"line":67,"column":16},"end":{"line":67,"column":25}},"loc":{"start":{"line":67,"column":37},"end":{"line":73,"column":1}}},"4":{"name":"generateCNPJ","decl":{"start":{"line":76,"column":16},"end":{"line":76,"column":28}},"loc":{"start":{"line":76,"column":54},"end":{"line":99,"column":1}}},"5":{"name":"(anonymous_5)","decl":{"start":{"line":77,"column":50},"end":{"line":77,"column":53}},"loc":{"start":{"line":77,"column":56},"end":{"line":77,"column":86}}},"6":{"name":"validateCNPJ","decl":{"start":{"line":101,"column":16},"end":{"line":101,"column":28}},"loc":{"start":{"line":101,"column":41},"end":{"line":141,"column":1}}},"7":{"name":"formatCNPJ","decl":{"start":{"line":143,"column":16},"end":{"line":143,"column":26}},"loc":{"start":{"line":143,"column":39},"end":{"line":149,"column":1}}},"8":{"name":"generateCEP","decl":{"start":{"line":152,"column":16},"end":{"line":152,"column":27}},"loc":{"start":{"line":152,"column":53},"end":{"line":155,"column":1}}},"9":{"name":"(anonymous_9)","decl":{"start":{"line":153,"column":40},"end":{"line":153,"column":43}},"loc":{"start":{"line":153,"column":46},"end":{"line":153,"column":76}}},"10":{"name":"validateCEP","decl":{"start":{"line":157,"column":16},"end":{"line":157,"column":27}},"loc":{"start":{"line":157,"column":39},"end":{"line":169,"column":1}}},"11":{"name":"formatCEP","decl":{"start":{"line":171,"column":16},"end":{"line":171,"column":25}},"loc":{"start":{"line":171,"column":37},"end":{"line":177,"column":1}}},"12":{"name":"generatePhone","decl":{"start":{"line":180,"column":16},"end":{"line":180,"column":29}},"loc":{"start":{"line":180,"column":55},"end":{"line":187,"column":1}}},"13":{"name":"(anonymous_13)","decl":{"start":{"line":183,"column":52},"end":{"line":183,"column":55}},"loc":{"start":{"line":183,"column":58},"end":{"line":183,"column":88}}},"14":{"name":"formatPhone","decl":{"start":{"line":189,"column":16},"end":{"line":189,"column":27}},"loc":{"start":{"line":189,"column":41},"end":{"line":197,"column":1}}},"15":{"name":"validatePhone","decl":{"start":{"line":199,"column":16},"end":{"line":199,"column":29}},"loc":{"start":{"line":199,"column":43},"end":{"line":219,"column":1}}},"16":{"name":"generateRG","decl":{"start":{"line":222,"column":16},"end":{"line":222,"column":26}},"loc":{"start":{"line":222,"column":52},"end":{"line":225,"column":1}}},"17":{"name":"(anonymous_17)","decl":{"start":{"line":223,"column":39},"end":{"line":223,"column":42}},"loc":{"start":{"line":223,"column":45},"end":{"line":223,"column":75}}},"18":{"name":"formatRG","decl":{"start":{"line":227,"column":16},"end":{"line":227,"column":24}},"loc":{"start":{"line":227,"column":35},"end":{"line":233,"column":1}}},"19":{"name":"generateLicensePlate","decl":{"start":{"line":236,"column":16},"end":{"line":236,"column":36}},"loc":{"start":{"line":236,"column":61},"end":{"line":250,"column":1}}},"20":{"name":"(anonymous_20)","decl":{"start":{"line":239,"column":47},"end":{"line":239,"column":50}},"loc":{"start":{"line":239,"column":53},"end":{"line":239,"column":109}}},"21":{"name":"(anonymous_21)","decl":{"start":{"line":242,"column":47},"end":{"line":242,"column":50}},"loc":{"start":{"line":242,"column":53},"end":{"line":242,"column":83}}},"22":{"name":"(anonymous_22)","decl":{"start":{"line":246,"column":46},"end":{"line":246,"column":49}},"loc":{"start":{"line":246,"column":52},"end":{"line":246,"column":108}}},"23":{"name":"(anonymous_23)","decl":{"start":{"line":247,"column":46},"end":{"line":247,"column":49}},"loc":{"start":{"line":247,"column":52},"end":{"line":247,"column":82}}},"24":{"name":"validateLicensePlate","decl":{"start":{"line":252,"column":16},"end":{"line":252,"column":36}},"loc":{"start":{"line":252,"column":50},"end":{"line":268,"column":1}}}},"branchMap":{"0":{"loc":{"start":{"line":4,"column":28},"end":{"line":4,"column":53}},"type":"default-arg","locations":[{"start":{"line":4,"column":48},"end":{"line":4,"column":53}}]},"1":{"loc":{"start":{"line":24,"column":9},"end":{"line":24,"column":40}},"type":"cond-expr","locations":[{"start":{"line":24,"column":20},"end":{"line":24,"column":34}},{"start":{"line":24,"column":37},"end":{"line":24,"column":40}}]},"2":{"loc":{"start":{"line":30,"column":2},"end":{"line":32,"column":3}},"type":"if","locations":[{"start":{"line":30,"column":2},"end":{"line":32,"column":3}},{"start":{},"end":{}}]},"3":{"loc":{"start":{"line":35,"column":2},"end":{"line":37,"column":3}},"type":"if","locations":[{"start":{"line":35,"column":2},"end":{"line":37,"column":3}},{"start":{},"end":{}}]},"4":{"loc":{"start":{"line":48,"column":2},"end":{"line":50,"column":3}},"type":"if","locations":[{"start":{"line":48,"column":2},"end":{"line":50,"column":3}},{"start":{},"end":{}}]},"5":{"loc":{"start":{"line":60,"column":2},"end":{"line":62,"column":3}},"type":"if","locations":[{"start":{"line":60,"column":2},"end":{"line":62,"column":3}},{"start":{},"end":{}}]},"6":{"loc":{"start":{"line":69,"column":2},"end":{"line":71,"column":3}},"type":"if","locations":[{"start":{"line":69,"column":2},"end":{"line":71,"column":3}},{"start":{},"end":{}}]},"7":{"loc":{"start":{"line":76,"column":29},"end":{"line":76,"column":54}},"type":"default-arg","locations":[{"start":{"line":76,"column":49},"end":{"line":76,"column":54}}]},"8":{"loc":{"start":{"line":85,"column":21},"end":{"line":85,"column":55}},"type":"cond-expr","locations":[{"start":{"line":85,"column":36},"end":{"line":85,"column":37}},{"start":{"line":85,"column":40},"end":{"line":85,"column":55}}]},"9":{"loc":{"start":{"line":94,"column":22},"end":{"line":94,"column":56}},"type":"cond-expr","locations":[{"start":{"line":94,"column":37},"end":{"line":94,"column":38}},{"start":{"line":94,"column":41},"end":{"line":94,"column":56}}]},"10":{"loc":{"start":{"line":98,"column":9},"end":{"line":98,"column":43}},"type":"cond-expr","locations":[{"start":{"line":98,"column":20},"end":{"line":98,"column":36}},{"start":{"line":98,"column":39},"end":{"line":98,"column":43}}]},"11":{"loc":{"start":{"line":104,"column":2},"end":{"line":106,"column":3}},"type":"if","locations":[{"start":{"line":104,"column":2},"end":{"line":106,"column":3}},{"start":{},"end":{}}]},"12":{"loc":{"start":{"line":109,"column":2},"end":{"line":111,"column":3}},"type":"if","locations":[{"start":{"line":109,"column":2},"end":{"line":111,"column":3}},{"start":{},"end":{}}]},"13":{"loc":{"start":{"line":121,"column":21},"end":{"line":121,"column":55}},"type":"cond-expr","locations":[{"start":{"line":121,"column":36},"end":{"line":121,"column":37}},{"start":{"line":121,"column":40},"end":{"line":121,"column":55}}]},"14":{"loc":{"start":{"line":123,"column":2},"end":{"line":125,"column":3}},"type":"if","locations":[{"start":{"line":123,"column":2},"end":{"line":125,"column":3}},{"start":{},"end":{}}]},"15":{"loc":{"start":{"line":134,"column":22},"end":{"line":134,"column":56}},"type":"cond-expr","locations":[{"start":{"line":134,"column":37},"end":{"line":134,"column":38}},{"start":{"line":134,"column":41},"end":{"line":134,"column":56}}]},"16":{"loc":{"start":{"line":136,"column":2},"end":{"line":138,"column":3}},"type":"if","locations":[{"start":{"line":136,"column":2},"end":{"line":138,"column":3}},{"start":{},"end":{}}]},"17":{"loc":{"start":{"line":145,"column":2},"end":{"line":147,"column":3}},"type":"if","locations":[{"start":{"line":145,"column":2},"end":{"line":147,"column":3}},{"start":{},"end":{}}]},"18":{"loc":{"start":{"line":152,"column":28},"end":{"line":152,"column":53}},"type":"default-arg","locations":[{"start":{"line":152,"column":48},"end":{"line":152,"column":53}}]},"19":{"loc":{"start":{"line":154,"column":9},"end":{"line":154,"column":40}},"type":"cond-expr","locations":[{"start":{"line":154,"column":20},"end":{"line":154,"column":34}},{"start":{"line":154,"column":37},"end":{"line":154,"column":40}}]},"20":{"loc":{"start":{"line":160,"column":2},"end":{"line":162,"column":3}},"type":"if","locations":[{"start":{"line":160,"column":2},"end":{"line":162,"column":3}},{"start":{},"end":{}}]},"21":{"loc":{"start":{"line":164,"column":2},"end":{"line":166,"column":3}},"type":"if","locations":[{"start":{"line":164,"column":2},"end":{"line":166,"column":3}},{"start":{},"end":{}}]},"22":{"loc":{"start":{"line":173,"column":2},"end":{"line":175,"column":3}},"type":"if","locations":[{"start":{"line":173,"column":2},"end":{"line":175,"column":3}},{"start":{},"end":{}}]},"23":{"loc":{"start":{"line":180,"column":30},"end":{"line":180,"column":55}},"type":"default-arg","locations":[{"start":{"line":180,"column":50},"end":{"line":180,"column":55}}]},"24":{"loc":{"start":{"line":186,"column":9},"end":{"line":186,"column":46}},"type":"cond-expr","locations":[{"start":{"line":186,"column":20},"end":{"line":186,"column":38}},{"start":{"line":186,"column":41},"end":{"line":186,"column":46}}]},"25":{"loc":{"start":{"line":191,"column":2},"end":{"line":195,"column":3}},"type":"if","locations":[{"start":{"line":191,"column":2},"end":{"line":195,"column":3}},{"start":{"line":193,"column":9},"end":{"line":195,"column":3}}]},"26":{"loc":{"start":{"line":193,"column":9},"end":{"line":195,"column":3}},"type":"if","locations":[{"start":{"line":193,"column":9},"end":{"line":195,"column":3}},{"start":{},"end":{}}]},"27":{"loc":{"start":{"line":202,"column":2},"end":{"line":204,"column":3}},"type":"if","locations":[{"start":{"line":202,"column":2},"end":{"line":204,"column":3}},{"start":{},"end":{}}]},"28":{"loc":{"start":{"line":202,"column":6},"end":{"line":202,"column":52}},"type":"binary-expr","locations":[{"start":{"line":202,"column":6},"end":{"line":202,"column":27}},{"start":{"line":202,"column":31},"end":{"line":202,"column":52}}]},"29":{"loc":{"start":{"line":207,"column":2},"end":{"line":209,"column":3}},"type":"if","locations":[{"start":{"line":207,"column":2},"end":{"line":209,"column":3}},{"start":{},"end":{}}]},"30":{"loc":{"start":{"line":207,"column":6},"end":{"line":207,"column":26}},"type":"binary-expr","locations":[{"start":{"line":207,"column":6},"end":{"line":207,"column":14}},{"start":{"line":207,"column":18},"end":{"line":207,"column":26}}]},"31":{"loc":{"start":{"line":211,"column":2},"end":{"line":216,"column":3}},"type":"if","locations":[{"start":{"line":211,"column":2},"end":{"line":216,"column":3}},{"start":{},"end":{}}]},"32":{"loc":{"start":{"line":213,"column":4},"end":{"line":215,"column":5}},"type":"if","locations":[{"start":{"line":213,"column":4},"end":{"line":215,"column":5}},{"start":{},"end":{}}]},"33":{"loc":{"start":{"line":213,"column":8},"end":{"line":213,"column":40}},"type":"binary-expr","locations":[{"start":{"line":213,"column":8},"end":{"line":213,"column":22}},{"start":{"line":213,"column":26},"end":{"line":213,"column":40}}]},"34":{"loc":{"start":{"line":222,"column":27},"end":{"line":222,"column":52}},"type":"default-arg","locations":[{"start":{"line":222,"column":47},"end":{"line":222,"column":52}}]},"35":{"loc":{"start":{"line":224,"column":9},"end":{"line":224,"column":37}},"type":"cond-expr","locations":[{"start":{"line":224,"column":20},"end":{"line":224,"column":32}},{"start":{"line":224,"column":35},"end":{"line":224,"column":37}}]},"36":{"loc":{"start":{"line":229,"column":2},"end":{"line":231,"column":3}},"type":"if","locations":[{"start":{"line":229,"column":2},"end":{"line":231,"column":3}},{"start":{},"end":{}}]},"37":{"loc":{"start":{"line":236,"column":37},"end":{"line":236,"column":61}},"type":"default-arg","locations":[{"start":{"line":236,"column":57},"end":{"line":236,"column":61}}]},"38":{"loc":{"start":{"line":237,"column":2},"end":{"line":249,"column":3}},"type":"if","locations":[{"start":{"line":237,"column":2},"end":{"line":249,"column":3}},{"start":{"line":244,"column":9},"end":{"line":249,"column":3}}]},"39":{"loc":{"start":{"line":257,"column":2},"end":{"line":259,"column":3}},"type":"if","locations":[{"start":{"line":257,"column":2},"end":{"line":259,"column":3}},{"start":{},"end":{}}]},"40":{"loc":{"start":{"line":263,"column":2},"end":{"line":265,"column":3}},"type":"if","locations":[{"start":{"line":263,"column":2},"end":{"line":265,"column":3}},{"start":{},"end":{}}]}},"s":{"0":1,"1":1,"2":1,"3":1,"4":1,"5":1,"6":1,"7":1,"8":1,"9":1,"10":1,"11":1,"12":1,"13":1,"14":1,"15":1,"16":4,"17":36,"18":4,"19":4,"20":4,"21":36,"22":4,"23":4,"24":4,"25":4,"26":36,"27":4,"28":4,"29":4,"30":4,"31":11,"32":11,"33":2,"34":9,"35":2,"36":7,"37":7,"38":7,"39":7,"40":63,"41":7,"42":7,"43":0,"44":7,"45":7,"46":7,"47":63,"48":7,"49":7,"50":7,"51":2,"52":5,"53":5,"54":5,"55":4,"56":1,"57":4,"58":48,"59":4,"60":4,"61":4,"62":4,"63":48,"64":4,"65":4,"66":4,"67":4,"68":4,"69":48,"70":4,"71":4,"72":4,"73":4,"74":11,"75":11,"76":2,"77":9,"78":2,"79":7,"80":7,"81":7,"82":7,"83":7,"84":84,"85":7,"86":7,"87":2,"88":5,"89":5,"90":5,"91":5,"92":60,"93":5,"94":5,"95":5,"96":0,"97":5,"98":5,"99":5,"100":4,"101":1,"102":4,"103":32,"104":4,"105":5,"106":5,"107":1,"108":4,"109":0,"110":4,"111":5,"112":5,"113":4,"114":1,"115":14,"116":14,"117":14,"118":98,"119":14,"120":14,"121":6,"122":6,"123":1,"124":5,"125":4,"126":1,"127":8,"128":8,"129":1,"130":7,"131":7,"132":1,"133":6,"134":2,"135":2,"136":1,"137":5,"138":15,"139":135,"140":15,"141":5,"142":5,"143":4,"144":1,"145":5,"146":4,"147":12,"148":4,"149":4,"150":4,"151":8,"152":4,"153":1,"154":3,"155":1,"156":4,"157":1,"158":8,"159":8,"160":8,"161":3,"162":5,"163":5,"164":3,"165":2},"f":{"0":4,"1":36,"2":11,"3":5,"4":4,"5":48,"6":11,"7":5,"8":4,"9":32,"10":5,"11":5,"12":14,"13":98,"14":6,"15":8,"16":15,"17":135,"18":5,"19":5,"20":12,"21":8,"22":3,"23":4,"24":8},"b":{"0":[2],"1":[1,3],"2":[2,9],"3":[2,7],"4":[0,7],"5":[2,5],"6":[4,1],"7":[2],"8":[0,4],"9":[0,4],"10":[1,3],"11":[2,9],"12":[2,7],"13":[0,7],"14":[2,5],"15":[0,5],"16":[0,5],"17":[4,1],"18":[3],"19":[1,3],"20":[1,4],"21":[0,4],"22":[4,1],"23":[3],"24":[1,13],"25":[1,5],"26":[4,1],"27":[1,7],"28":[8,3],"29":[1,6],"30":[7,6],"31":[2,4],"32":[1,1],"33":[2,1],"34":[14],"35":[1,14],"36":[4,1],"37":[3],"38":[4,1],"39":[3,5],"40":[3,2]}}
,"/workspaces/dev-power-tools/src/lib/clipboard-utils.ts": {"path":"/workspaces/dev-power-tools/src/lib/clipboard-utils.ts","statementMap":{"0":{"start":{"line":10,"column":31},"end":{"line":20,"column":2}},"1":{"start":{"line":10,"column":80},"end":{"line":20,"column":2}},"2":{"start":{"line":11,"column":2},"end":{"line":19,"column":3}},"3":{"start":{"line":12,"column":4},"end":{"line":12,"column":46}},"4":{"start":{"line":13,"column":4},"end":{"line":13,"column":29}},"5":{"start":{"line":15,"column":4},"end":{"line":18,"column":6}},"6":{"start":{"line":10,"column":13},"end":{"line":10,"column":31}},"7":{"start":{"line":22,"column":33},"end":{"line":29,"column":2}},"8":{"start":{"line":22,"column":68},"end":{"line":29,"column":2}},"9":{"start":{"line":23,"column":2},"end":{"line":28,"column":3}},"10":{"start":{"line":24,"column":4},"end":{"line":24,"column":48}},"11":{"start":{"line":26,"column":4},"end":{"line":26,"column":59}},"12":{"start":{"line":27,"column":4},"end":{"line":27,"column":16}},"13":{"start":{"line":22,"column":13},"end":{"line":22,"column":33}},"14":{"start":{"line":31,"column":37},"end":{"line":41,"column":2}},"15":{"start":{"line":31,"column":82},"end":{"line":41,"column":2}},"16":{"start":{"line":32,"column":2},"end":{"line":40,"column":3}},"17":{"start":{"line":33,"column":23},"end":{"line":33,"column":51}},"18":{"start":{"line":34,"column":4},"end":{"line":34,"column":45}},"19":{"start":{"line":36,"column":4},"end":{"line":39,"column":6}},"20":{"start":{"line":31,"column":13},"end":{"line":31,"column":37}}},"fnMap":{"0":{"name":"(anonymous_7)","decl":{"start":{"line":10,"column":31},"end":{"line":10,"column":38}},"loc":{"start":{"line":10,"column":80},"end":{"line":20,"column":2}}},"1":{"name":"(anonymous_8)","decl":{"start":{"line":10,"column":80},"end":{"line":10,"column":null}},"loc":{"start":{"line":10,"column":80},"end":{"line":20,"column":1}}},"2":{"name":"(anonymous_9)","decl":{"start":{"line":22,"column":33},"end":{"line":22,"column":66}},"loc":{"start":{"line":22,"column":68},"end":{"line":29,"column":2}}},"3":{"name":"(anonymous_10)","decl":{"start":{"line":22,"column":68},"end":{"line":22,"column":null}},"loc":{"start":{"line":22,"column":68},"end":{"line":29,"column":1}}},"4":{"name":"(anonymous_11)","decl":{"start":{"line":31,"column":37},"end":{"line":31,"column":44}},"loc":{"start":{"line":31,"column":82},"end":{"line":41,"column":2}}},"5":{"name":"(anonymous_12)","decl":{"start":{"line":31,"column":82},"end":{"line":31,"column":null}},"loc":{"start":{"line":31,"column":82},"end":{"line":41,"column":1}}}},"branchMap":{"0":{"loc":{"start":{"line":17,"column":13},"end":{"line":17,"column":69}},"type":"cond-expr","locations":[{"start":{"line":17,"column":38},"end":{"line":17,"column":51}},{"start":{"line":17,"column":54},"end":{"line":17,"column":69}}]},"1":{"loc":{"start":{"line":38,"column":13},"end":{"line":38,"column":82}},"type":"cond-expr","locations":[{"start":{"line":38,"column":38},"end":{"line":38,"column":51}},{"start":{"line":38,"column":54},"end":{"line":38,"column":82}}]}},"s":{"0":1,"1":13,"2":13,"3":13,"4":10,"5":3,"6":1,"7":1,"8":2,"9":2,"10":2,"11":0,"12":0,"13":1,"14":1,"15":10,"16":10,"17":10,"18":9,"19":1,"20":1},"f":{"0":13,"1":13,"2":2,"3":2,"4":10,"5":10},"b":{"0":[2,1],"1":[1,0]}}
,"/workspaces/dev-power-tools/src/lib/dev-utils.ts": {"path":"/workspaces/dev-power-tools/src/lib/dev-utils.ts","statementMap":{"0":{"start":{"line":4,"column":0},"end":{"line":4,"column":16}},"1":{"start":{"line":8,"column":0},"end":{"line":8,"column":16}},"2":{"start":{"line":17,"column":0},"end":{"line":17,"column":16}},"3":{"start":{"line":21,"column":0},"end":{"line":21,"column":16}},"4":{"start":{"line":30,"column":0},"end":{"line":30,"column":22}},"5":{"start":{"line":73,"column":0},"end":{"line":73,"column":16}},"6":{"start":{"line":108,"column":0},"end":{"line":108,"column":16}},"7":{"start":{"line":141,"column":0},"end":{"line":141,"column":16}},"8":{"start":{"line":160,"column":0},"end":{"line":160,"column":16}},"9":{"start":{"line":183,"column":0},"end":{"line":183,"column":16}},"10":{"start":{"line":223,"column":0},"end":{"line":223,"column":16}},"11":{"start":{"line":252,"column":0},"end":{"line":252,"column":16}},"12":{"start":{"line":267,"column":0},"end":{"line":267,"column":16}},"13":{"start":{"line":5,"column":2},"end":{"line":5,"column":51}},"14":{"start":{"line":9,"column":2},"end":{"line":13,"column":3}},"15":{"start":{"line":10,"column":4},"end":{"line":10,"column":63}},"16":{"start":{"line":12,"column":4},"end":{"line":12,"column":57}},"17":{"start":{"line":18,"column":2},"end":{"line":18,"column":35}},"18":{"start":{"line":22,"column":2},"end":{"line":26,"column":3}},"19":{"start":{"line":23,"column":4},"end":{"line":23,"column":49}},"20":{"start":{"line":25,"column":4},"end":{"line":25,"column":62}},"21":{"start":{"line":34,"column":2},"end":{"line":45,"column":3}},"22":{"start":{"line":36,"column":20},"end":{"line":36,"column":37}},"23":{"start":{"line":37,"column":17},"end":{"line":37,"column":38}},"24":{"start":{"line":40,"column":15},"end":{"line":40,"column":16}},"25":{"start":{"line":41,"column":4},"end":{"line":43,"column":5}},"26":{"start":{"line":41,"column":17},"end":{"line":41,"column":18}},"27":{"start":{"line":42,"column":6},"end":{"line":42,"column":57}},"28":{"start":{"line":44,"column":4},"end":{"line":44,"column":56}},"29":{"start":{"line":48,"column":18},"end":{"line":48,"column":35}},"30":{"start":{"line":49,"column":15},"end":{"line":49,"column":36}},"31":{"start":{"line":52,"column":2},"end":{"line":58,"column":3}},"32":{"start":{"line":53,"column":4},"end":{"line":53,"column":59}},"33":{"start":{"line":54,"column":9},"end":{"line":58,"column":3}},"34":{"start":{"line":55,"column":4},"end":{"line":55,"column":61}},"35":{"start":{"line":57,"column":4},"end":{"line":57,"column":45}},"36":{"start":{"line":60,"column":20},"end":{"line":60,"column":58}},"37":{"start":{"line":61,"column":2},"end":{"line":61,"column":70}},"38":{"start":{"line":61,"column":28},"end":{"line":61,"column":59}},"39":{"start":{"line":74,"column":2},"end":{"line":104,"column":3}},"40":{"start":{"line":75,"column":18},"end":{"line":75,"column":34}},"41":{"start":{"line":76,"column":4},"end":{"line":84,"column":5}},"42":{"start":{"line":77,"column":6},"end":{"line":83,"column":8}},"43":{"start":{"line":86,"column":19},"end":{"line":86,"column":83}},"44":{"start":{"line":87,"column":20},"end":{"line":87,"column":84}},"45":{"start":{"line":88,"column":22},"end":{"line":88,"column":30}},"46":{"start":{"line":90,"column":4},"end":{"line":95,"column":6}},"47":{"start":{"line":97,"column":4},"end":{"line":103,"column":6}},"48":{"start":{"line":109,"column":2},"end":{"line":115,"column":3}},"49":{"start":{"line":110,"column":4},"end":{"line":114,"column":7}},"50":{"start":{"line":111,"column":16},"end":{"line":111,"column":38}},"51":{"start":{"line":112,"column":16},"end":{"line":112,"column":47}},"52":{"start":{"line":113,"column":6},"end":{"line":113,"column":28}},"53":{"start":{"line":117,"column":2},"end":{"line":126,"column":3}},"54":{"start":{"line":119,"column":22},"end":{"line":119,"column":32}},"55":{"start":{"line":120,"column":19},"end":{"line":120,"column":62}},"56":{"start":{"line":121,"column":4},"end":{"line":125,"column":7}},"57":{"start":{"line":122,"column":16},"end":{"line":122,"column":38}},"58":{"start":{"line":123,"column":16},"end":{"line":123,"column":47}},"59":{"start":{"line":124,"column":6},"end":{"line":124,"column":28}},"60":{"start":{"line":128,"column":2},"end":{"line":135,"column":3}},"61":{"start":{"line":130,"column":22},"end":{"line":130,"column":40}},"62":{"start":{"line":131,"column":25},"end":{"line":131,"column":65}},"63":{"start":{"line":132,"column":19},"end":{"line":132,"column":105}},"64":{"start":{"line":132,"column":52},"end":{"line":132,"column":95}},"65":{"start":{"line":134,"column":4},"end":{"line":134,"column":211}},"66":{"start":{"line":137,"column":2},"end":{"line":137,"column":28}},"67":{"start":{"line":142,"column":2},"end":{"line":157,"column":3}},"68":{"start":{"line":143,"column":16},"end":{"line":143,"column":35}},"69":{"start":{"line":144,"column":4},"end":{"line":146,"column":5}},"70":{"start":{"line":145,"column":6},"end":{"line":145,"column":63}},"71":{"start":{"line":149,"column":17},"end":{"line":149,"column":56}},"72":{"start":{"line":150,"column":4},"end":{"line":152,"column":5}},"73":{"start":{"line":151,"column":6},"end":{"line":151,"column":62}},"74":{"start":{"line":154,"column":4},"end":{"line":154,"column":42}},"75":{"start":{"line":156,"column":4},"end":{"line":156,"column":64}},"76":{"start":{"line":161,"column":2},"end":{"line":170,"column":3}},"77":{"start":{"line":162,"column":14},"end":{"line":162,"column":28}},"78":{"start":{"line":163,"column":4},"end":{"line":165,"column":5}},"79":{"start":{"line":164,"column":6},"end":{"line":164,"column":58}},"80":{"start":{"line":167,"column":4},"end":{"line":167,"column":65}},"81":{"start":{"line":169,"column":4},"end":{"line":169,"column":59}},"82":{"start":{"line":184,"column":14},"end":{"line":184,"column":16}},"83":{"start":{"line":186,"column":2},"end":{"line":188,"column":3}},"84":{"start":{"line":187,"column":4},"end":{"line":187,"column":96}},"85":{"start":{"line":190,"column":2},"end":{"line":192,"column":3}},"86":{"start":{"line":191,"column":4},"end":{"line":191,"column":95}},"87":{"start":{"line":194,"column":2},"end":{"line":196,"column":3}},"88":{"start":{"line":195,"column":4},"end":{"line":195,"column":64}},"89":{"start":{"line":198,"column":2},"end":{"line":200,"column":3}},"90":{"start":{"line":199,"column":4},"end":{"line":199,"column":98}},"91":{"start":{"line":202,"column":2},"end":{"line":204,"column":3}},"92":{"start":{"line":203,"column":4},"end":{"line":203,"column":14}},"93":{"start":{"line":206,"column":2},"end":{"line":208,"column":13}},"94":{"start":{"line":207,"column":4},"end":{"line":207,"column":51}},"95":{"start":{"line":212,"column":20},"end":{"line":221,"column":2}},"96":{"start":{"line":224,"column":2},"end":{"line":228,"column":3}},"97":{"start":{"line":225,"column":4},"end":{"line":227,"column":16}},"98":{"start":{"line":226,"column":6},"end":{"line":226,"column":65}},"99":{"start":{"line":230,"column":2},"end":{"line":239,"column":3}},"100":{"start":{"line":231,"column":4},"end":{"line":238,"column":17}},"101":{"start":{"line":232,"column":24},"end":{"line":232,"column":58}},"102":{"start":{"line":233,"column":20},"end":{"line":234,"column":null}},"103":{"start":{"line":234,"column":8},"end":{"line":234,"column":67}},"104":{"start":{"line":236,"column":6},"end":{"line":236,"column":70}},"105":{"start":{"line":237,"column":6},"end":{"line":237,"column":35}},"106":{"start":{"line":241,"column":2},"end":{"line":246,"column":3}},"107":{"start":{"line":242,"column":4},"end":{"line":245,"column":20}},"108":{"start":{"line":243,"column":28},"end":{"line":243,"column":61}},"109":{"start":{"line":244,"column":6},"end":{"line":244,"column":60}},"110":{"start":{"line":248,"column":2},"end":{"line":248,"column":12}},"111":{"start":{"line":253,"column":21},"end":{"line":253,"column":49}},"112":{"start":{"line":255,"column":2},"end":{"line":257,"column":3}},"113":{"start":{"line":256,"column":4},"end":{"line":256,"column":56}},"114":{"start":{"line":259,"column":2},"end":{"line":261,"column":3}},"115":{"start":{"line":260,"column":4},"end":{"line":260,"column":59}},"116":{"start":{"line":263,"column":2},"end":{"line":263,"column":25}},"117":{"start":{"line":268,"column":18},"end":{"line":268,"column":43}},"118":{"start":{"line":270,"column":2},"end":{"line":272,"column":3}},"119":{"start":{"line":271,"column":4},"end":{"line":271,"column":90}},"120":{"start":{"line":275,"column":12},"end":{"line":275,"column":13}},"121":{"start":{"line":276,"column":21},"end":{"line":276,"column":26}},"122":{"start":{"line":278,"column":2},"end":{"line":290,"column":3}},"123":{"start":{"line":278,"column":15},"end":{"line":278,"column":33}},"124":{"start":{"line":279,"column":16},"end":{"line":279,"column":36}},"125":{"start":{"line":281,"column":4},"end":{"line":286,"column":5}},"126":{"start":{"line":282,"column":6},"end":{"line":282,"column":17}},"127":{"start":{"line":283,"column":6},"end":{"line":285,"column":7}},"128":{"start":{"line":284,"column":8},"end":{"line":284,"column":19}},"129":{"start":{"line":288,"column":4},"end":{"line":288,"column":17}},"130":{"start":{"line":289,"column":4},"end":{"line":289,"column":33}},"131":{"start":{"line":292,"column":18},"end":{"line":292,"column":32}},"132":{"start":{"line":294,"column":2},"end":{"line":296,"column":3}},"133":{"start":{"line":295,"column":4},"end":{"line":295,"column":84}},"134":{"start":{"line":299,"column":13},"end":{"line":299,"column":22}},"135":{"start":{"line":300,"column":2},"end":{"line":303,"column":58}},"136":{"start":{"line":300,"column":26},"end":{"line":300,"column":40}},"137":{"start":{"line":301,"column":7},"end":{"line":303,"column":58}},"138":{"start":{"line":301,"column":36},"end":{"line":301,"column":56}},"139":{"start":{"line":302,"column":7},"end":{"line":303,"column":58}},"140":{"start":{"line":302,"column":35},"end":{"line":302,"column":61}},"141":{"start":{"line":303,"column":7},"end":{"line":303,"column":58}},"142":{"start":{"line":303,"column":40},"end":{"line":303,"column":58}},"143":{"start":{"line":305,"column":2},"end":{"line":305,"column":31}}},"fnMap":{"0":{"name":"encodeBase64","decl":{"start":{"line":4,"column":16},"end":{"line":4,"column":28}},"loc":{"start":{"line":4,"column":42},"end":{"line":6,"column":1}}},"1":{"name":"decodeBase64","decl":{"start":{"line":8,"column":16},"end":{"line":8,"column":28}},"loc":{"start":{"line":8,"column":42},"end":{"line":14,"column":1}}},"2":{"name":"encodeURL","decl":{"start":{"line":17,"column":16},"end":{"line":17,"column":25}},"loc":{"start":{"line":17,"column":39},"end":{"line":19,"column":1}}},"3":{"name":"decodeURL","decl":{"start":{"line":21,"column":16},"end":{"line":21,"column":25}},"loc":{"start":{"line":21,"column":39},"end":{"line":27,"column":1}}},"4":{"name":"generateHash","decl":{"start":{"line":30,"column":22},"end":{"line":30,"column":34}},"loc":{"start":{"line":30,"column":86},"end":{"line":62,"column":null}}},"5":{"name":"(anonymous_13)","decl":{"start":{"line":61,"column":23},"end":{"line":61,"column":24}},"loc":{"start":{"line":61,"column":28},"end":{"line":61,"column":59}}},"6":{"name":"decodeJWT","decl":{"start":{"line":73,"column":16},"end":{"line":73,"column":25}},"loc":{"start":{"line":73,"column":39},"end":{"line":105,"column":1}}},"7":{"name":"generateUUID","decl":{"start":{"line":108,"column":16},"end":{"line":108,"column":28}},"loc":{"start":{"line":108,"column":63},"end":{"line":138,"column":1}}},"8":{"name":"(anonymous_16)","decl":{"start":{"line":110,"column":67},"end":{"line":110,"column":76}},"loc":{"start":{"line":110,"column":77},"end":{"line":114,"column":5}}},"9":{"name":"(anonymous_17)","decl":{"start":{"line":121,"column":98},"end":{"line":121,"column":107}},"loc":{"start":{"line":121,"column":108},"end":{"line":125,"column":5}}},"10":{"name":"(anonymous_18)","decl":{"start":{"line":132,"column":46},"end":{"line":132,"column":49}},"loc":{"start":{"line":132,"column":52},"end":{"line":132,"column":95}}},"11":{"name":"timestampToDate","decl":{"start":{"line":141,"column":16},"end":{"line":141,"column":31}},"loc":{"start":{"line":141,"column":49},"end":{"line":158,"column":1}}},"12":{"name":"dateToTimestamp","decl":{"start":{"line":160,"column":16},"end":{"line":160,"column":31}},"loc":{"start":{"line":160,"column":44},"end":{"line":171,"column":1}}},"13":{"name":"generatePassword","decl":{"start":{"line":183,"column":16},"end":{"line":183,"column":32}},"loc":{"start":{"line":183,"column":57},"end":{"line":209,"column":1}}},"14":{"name":"(anonymous_22)","decl":{"start":{"line":206,"column":48},"end":{"line":206,"column":51}},"loc":{"start":{"line":207,"column":4},"end":{"line":207,"column":51}}},"15":{"name":"generateLoremIpsum","decl":{"start":{"line":223,"column":16},"end":{"line":223,"column":34}},"loc":{"start":{"line":223,"column":92},"end":{"line":249,"column":1}}},"16":{"name":"(anonymous_24)","decl":{"start":{"line":225,"column":41},"end":{"line":225,"column":44}},"loc":{"start":{"line":226,"column":6},"end":{"line":226,"column":65}}},"17":{"name":"(anonymous_25)","decl":{"start":{"line":231,"column":41},"end":{"line":231,"column":44}},"loc":{"start":{"line":231,"column":46},"end":{"line":238,"column":5}}},"18":{"name":"(anonymous_26)","decl":{"start":{"line":233,"column":54},"end":{"line":233,"column":57}},"loc":{"start":{"line":234,"column":8},"end":{"line":234,"column":67}}},"19":{"name":"(anonymous_27)","decl":{"start":{"line":242,"column":41},"end":{"line":242,"column":44}},"loc":{"start":{"line":242,"column":46},"end":{"line":245,"column":5}}},"20":{"name":"validateEmail","decl":{"start":{"line":252,"column":16},"end":{"line":252,"column":29}},"loc":{"start":{"line":252,"column":43},"end":{"line":264,"column":1}}},"21":{"name":"validateCreditCard","decl":{"start":{"line":267,"column":16},"end":{"line":267,"column":34}},"loc":{"start":{"line":267,"column":49},"end":{"line":306,"column":1}}}},"branchMap":{"0":{"loc":{"start":{"line":34,"column":2},"end":{"line":45,"column":3}},"type":"if","locations":[{"start":{"line":34,"column":2},"end":{"line":45,"column":3}},{"start":{},"end":{}}]},"1":{"loc":{"start":{"line":52,"column":2},"end":{"line":58,"column":3}},"type":"if","locations":[{"start":{"line":52,"column":2},"end":{"line":58,"column":3}},{"start":{"line":54,"column":9},"end":{"line":58,"column":3}}]},"2":{"loc":{"start":{"line":54,"column":9},"end":{"line":58,"column":3}},"type":"if","locations":[{"start":{"line":54,"column":9},"end":{"line":58,"column":3}},{"start":{"line":56,"column":9},"end":{"line":58,"column":3}}]},"3":{"loc":{"start":{"line":76,"column":4},"end":{"line":84,"column":5}},"type":"if","locations":[{"start":{"line":76,"column":4},"end":{"line":84,"column":5}},{"start":{},"end":{}}]},"4":{"loc":{"start":{"line":108,"column":29},"end":{"line":108,"column":63}},"type":"default-arg","locations":[{"start":{"line":108,"column":59},"end":{"line":108,"column":63}}]},"5":{"loc":{"start":{"line":109,"column":2},"end":{"line":115,"column":3}},"type":"if","locations":[{"start":{"line":109,"column":2},"end":{"line":115,"column":3}},{"start":{},"end":{}}]},"6":{"loc":{"start":{"line":112,"column":16},"end":{"line":112,"column":47}},"type":"cond-expr","locations":[{"start":{"line":112,"column":28},"end":{"line":112,"column":29}},{"start":{"line":112,"column":33},"end":{"line":112,"column":46}}]},"7":{"loc":{"start":{"line":117,"column":2},"end":{"line":126,"column":3}},"type":"if","locations":[{"start":{"line":117,"column":2},"end":{"line":126,"column":3}},{"start":{},"end":{}}]},"8":{"loc":{"start":{"line":123,"column":16},"end":{"line":123,"column":47}},"type":"cond-expr","locations":[{"start":{"line":123,"column":28},"end":{"line":123,"column":29}},{"start":{"line":123,"column":33},"end":{"line":123,"column":46}}]},"9":{"loc":{"start":{"line":128,"column":2},"end":{"line":135,"column":3}},"type":"if","locations":[{"start":{"line":128,"column":2},"end":{"line":135,"column":3}},{"start":{},"end":{}}]},"10":{"loc":{"start":{"line":144,"column":4},"end":{"line":146,"column":5}},"type":"if","locations":[{"start":{"line":144,"column":4},"end":{"line":146,"column":5}},{"start":{},"end":{}}]},"11":{"loc":{"start":{"line":149,"column":26},"end":{"line":149,"column":55}},"type":"cond-expr","locations":[{"start":{"line":149,"column":39},"end":{"line":149,"column":42}},{"start":{"line":149,"column":45},"end":{"line":149,"column":55}}]},"12":{"loc":{"start":{"line":150,"column":4},"end":{"line":152,"column":5}},"type":"if","locations":[{"start":{"line":150,"column":4},"end":{"line":152,"column":5}},{"start":{},"end":{}}]},"13":{"loc":{"start":{"line":163,"column":4},"end":{"line":165,"column":5}},"type":"if","locations":[{"start":{"line":163,"column":4},"end":{"line":165,"column":5}},{"start":{},"end":{}}]},"14":{"loc":{"start":{"line":186,"column":2},"end":{"line":188,"column":3}},"type":"if","locations":[{"start":{"line":186,"column":2},"end":{"line":188,"column":3}},{"start":{},"end":{}}]},"15":{"loc":{"start":{"line":187,"column":13},"end":{"line":187,"column":95}},"type":"cond-expr","locations":[{"start":{"line":187,"column":38},"end":{"line":187,"column":64}},{"start":{"line":187,"column":67},"end":{"line":187,"column":95}}]},"16":{"loc":{"start":{"line":190,"column":2},"end":{"line":192,"column":3}},"type":"if","locations":[{"start":{"line":190,"column":2},"end":{"line":192,"column":3}},{"start":{},"end":{}}]},"17":{"loc":{"start":{"line":191,"column":13},"end":{"line":191,"column":94}},"type":"cond-expr","locations":[{"start":{"line":191,"column":38},"end":{"line":191,"column":63}},{"start":{"line":191,"column":66},"end":{"line":191,"column":94}}]},"18":{"loc":{"start":{"line":194,"column":2},"end":{"line":196,"column":3}},"type":"if","locations":[{"start":{"line":194,"column":2},"end":{"line":196,"column":3}},{"start":{},"end":{}}]},"19":{"loc":{"start":{"line":195,"column":13},"end":{"line":195,"column":63}},"type":"cond-expr","locations":[{"start":{"line":195,"column":38},"end":{"line":195,"column":48}},{"start":{"line":195,"column":51},"end":{"line":195,"column":63}}]},"20":{"loc":{"start":{"line":198,"column":2},"end":{"line":200,"column":3}},"type":"if","locations":[{"start":{"line":198,"column":2},"end":{"line":200,"column":3}},{"start":{},"end":{}}]},"21":{"loc":{"start":{"line":199,"column":13},"end":{"line":199,"column":97}},"type":"cond-expr","locations":[{"start":{"line":199,"column":38},"end":{"line":199,"column":66}},{"start":{"line":199,"column":69},"end":{"line":199,"column":97}}]},"22":{"loc":{"start":{"line":202,"column":2},"end":{"line":204,"column":3}},"type":"if","locations":[{"start":{"line":202,"column":2},"end":{"line":204,"column":3}},{"start":{},"end":{}}]},"23":{"loc":{"start":{"line":224,"column":2},"end":{"line":228,"column":3}},"type":"if","locations":[{"start":{"line":224,"column":2},"end":{"line":228,"column":3}},{"start":{},"end":{}}]},"24":{"loc":{"start":{"line":230,"column":2},"end":{"line":239,"column":3}},"type":"if","locations":[{"start":{"line":230,"column":2},"end":{"line":239,"column":3}},{"start":{},"end":{}}]},"25":{"loc":{"start":{"line":241,"column":2},"end":{"line":246,"column":3}},"type":"if","locations":[{"start":{"line":241,"column":2},"end":{"line":246,"column":3}},{"start":{},"end":{}}]},"26":{"loc":{"start":{"line":255,"column":2},"end":{"line":257,"column":3}},"type":"if","locations":[{"start":{"line":255,"column":2},"end":{"line":257,"column":3}},{"start":{},"end":{}}]},"27":{"loc":{"start":{"line":259,"column":2},"end":{"line":261,"column":3}},"type":"if","locations":[{"start":{"line":259,"column":2},"end":{"line":261,"column":3}},{"start":{},"end":{}}]},"28":{"loc":{"start":{"line":270,"column":2},"end":{"line":272,"column":3}},"type":"if","locations":[{"start":{"line":270,"column":2},"end":{"line":272,"column":3}},{"start":{},"end":{}}]},"29":{"loc":{"start":{"line":270,"column":6},"end":{"line":270,"column":48}},"type":"binary-expr","locations":[{"start":{"line":270,"column":6},"end":{"line":270,"column":25}},{"start":{"line":270,"column":29},"end":{"line":270,"column":48}}]},"30":{"loc":{"start":{"line":281,"column":4},"end":{"line":286,"column":5}},"type":"if","locations":[{"start":{"line":281,"column":4},"end":{"line":286,"column":5}},{"start":{},"end":{}}]},"31":{"loc":{"start":{"line":283,"column":6},"end":{"line":285,"column":7}},"type":"if","locations":[{"start":{"line":283,"column":6},"end":{"line":285,"column":7}},{"start":{},"end":{}}]},"32":{"loc":{"start":{"line":294,"column":2},"end":{"line":296,"column":3}},"type":"if","locations":[{"start":{"line":294,"column":2},"end":{"line":296,"column":3}},{"start":{},"end":{}}]},"33":{"loc":{"start":{"line":300,"column":2},"end":{"line":303,"column":58}},"type":"if","locations":[{"start":{"line":300,"column":2},"end":{"line":303,"column":58}},{"start":{"line":301,"column":7},"end":{"line":303,"column":58}}]},"34":{"loc":{"start":{"line":301,"column":7},"end":{"line":303,"column":58}},"type":"if","locations":[{"start":{"line":301,"column":7},"end":{"line":303,"column":58}},{"start":{"line":302,"column":7},"end":{"line":303,"column":58}}]},"35":{"loc":{"start":{"line":302,"column":7},"end":{"line":303,"column":58}},"type":"if","locations":[{"start":{"line":302,"column":7},"end":{"line":303,"column":58}},{"start":{"line":303,"column":7},"end":{"line":303,"column":58}}]},"36":{"loc":{"start":{"line":303,"column":7},"end":{"line":303,"column":58}},"type":"if","locations":[{"start":{"line":303,"column":7},"end":{"line":303,"column":58}},{"start":{},"end":{}}]}},"s":{"0":1,"1":1,"2":1,"3":1,"4":1,"5":1,"6":1,"7":1,"8":1,"9":1,"10":1,"11":1,"12":1,"13":3,"14":4,"15":4,"16":1,"17":3,"18":4,"19":4,"20":1,"21":5,"22":1,"23":1,"24":1,"25":1,"26":1,"27":11,"28":1,"29":4,"30":4,"31":4,"32":1,"33":3,"34":3,"35":0,"36":4,"37":4,"38":116,"39":4,"40":4,"41":4,"42":2,"43":2,"44":1,"45":1,"46":1,"47":1,"48":104,"49":104,"50":3224,"51":3224,"52":3224,"53":0,"54":0,"55":0,"56":0,"57":0,"58":0,"59":0,"60":0,"61":0,"62":0,"63":0,"64":0,"65":0,"66":0,"67":0,"68":0,"69":0,"70":0,"71":0,"72":0,"73":0,"74":0,"75":0,"76":0,"77":0,"78":0,"79":0,"80":0,"81":0,"82":5,"83":5,"84":5,"85":5,"86":5,"87":5,"88":5,"89":5,"90":2,"91":5,"92":0,"93":5,"94":80,"95":1,"96":0,"97":0,"98":0,"99":0,"100":0,"101":0,"102":0,"103":0,"104":0,"105":0,"106":0,"107":0,"108":0,"109":0,"110":0,"111":0,"112":0,"113":0,"114":0,"115":0,"116":0,"117":0,"118":0,"119":0,"120":0,"121":0,"122":0,"123":0,"124":0,"125":0,"126":0,"127":0,"128":0,"129":0,"130":0,"131":0,"132":0,"133":0,"134":0,"135":0,"136":0,"137":0,"138":0,"139":0,"140":0,"141":0,"142":0,"143":0},"f":{"0":3,"1":4,"2":3,"3":4,"4":5,"5":116,"6":4,"7":104,"8":3224,"9":0,"10":0,"11":0,"12":0,"13":5,"14":80,"15":0,"16":0,"17":0,"18":0,"19":0,"20":0,"21":0},"b":{"0":[1,4],"1":[1,3],"2":[3,0],"3":[2,2],"4":[104],"5":[104,0],"6":[3120,104],"7":[0,0],"8":[0,0],"9":[0,0],"10":[0,0],"11":[0,0],"12":[0,0],"13":[0,0],"14":[5,0],"15":[0,5],"16":[5,0],"17":[0,5],"18":[5,0],"19":[0,5],"20":[2,3],"21":[0,2],"22":[0,5],"23":[0,0],"24":[0,0],"25":[0,0],"26":[0,0],"27":[0,0],"28":[0,0],"29":[0,0],"30":[0,0],"31":[0,0],"32":[0,0],"33":[0,0],"34":[0,0],"35":[0,0],"36":[0,0]}}
,"/workspaces/dev-power-tools/src/lib/download-utils.ts": {"path":"/workspaces/dev-power-tools/src/lib/download-utils.ts","statementMap":{"0":{"start":{"line":5,"column":30},"end":{"line":15,"column":1}},"1":{"start":{"line":6,"column":15},"end":{"line":6,"column":58}},"2":{"start":{"line":7,"column":14},"end":{"line":7,"column":39}},"3":{"start":{"line":8,"column":12},"end":{"line":8,"column":39}},"4":{"start":{"line":9,"column":2},"end":{"line":9,"column":15}},"5":{"start":{"line":10,"column":2},"end":{"line":10,"column":24}},"6":{"start":{"line":11,"column":2},"end":{"line":11,"column":31}},"7":{"start":{"line":12,"column":2},"end":{"line":12,"column":12}},"8":{"start":{"line":13,"column":2},"end":{"line":13,"column":31}},"9":{"start":{"line":14,"column":2},"end":{"line":14,"column":27}},"10":{"start":{"line":5,"column":13},"end":{"line":5,"column":30}},"11":{"start":{"line":17,"column":30},"end":{"line":20,"column":1}},"12":{"start":{"line":18,"column":21},"end":{"line":18,"column":50}},"13":{"start":{"line":19,"column":2},"end":{"line":19,"column":89}},"14":{"start":{"line":17,"column":13},"end":{"line":17,"column":30}},"15":{"start":{"line":22,"column":29},"end":{"line":32,"column":1}},"16":{"start":{"line":23,"column":15},"end":{"line":23,"column":53}},"17":{"start":{"line":24,"column":14},"end":{"line":24,"column":39}},"18":{"start":{"line":25,"column":12},"end":{"line":25,"column":39}},"19":{"start":{"line":26,"column":2},"end":{"line":26,"column":15}},"20":{"start":{"line":27,"column":2},"end":{"line":27,"column":72}},"21":{"start":{"line":28,"column":2},"end":{"line":28,"column":31}},"22":{"start":{"line":29,"column":2},"end":{"line":29,"column":12}},"23":{"start":{"line":30,"column":2},"end":{"line":30,"column":31}},"24":{"start":{"line":31,"column":2},"end":{"line":31,"column":27}},"25":{"start":{"line":22,"column":13},"end":{"line":22,"column":29}}},"fnMap":{"0":{"name":"(anonymous_0)","decl":{"start":{"line":5,"column":30},"end":{"line":5,"column":31}},"loc":{"start":{"line":5,"column":68},"end":{"line":15,"column":1}}},"1":{"name":"(anonymous_1)","decl":{"start":{"line":17,"column":30},"end":{"line":17,"column":31}},"loc":{"start":{"line":17,"column":62},"end":{"line":20,"column":1}}},"2":{"name":"(anonymous_2)","decl":{"start":{"line":22,"column":29},"end":{"line":22,"column":30}},"loc":{"start":{"line":22,"column":64},"end":{"line":32,"column":1}}}},"branchMap":{"0":{"loc":{"start":{"line":19,"column":29},"end":{"line":19,"column":87}},"type":"cond-expr","locations":[{"start":{"line":19,"column":58},"end":{"line":19,"column":66}},{"start":{"line":19,"column":69},"end":{"line":19,"column":87}}]},"1":{"loc":{"start":{"line":27,"column":15},"end":{"line":27,"column":71}},"type":"cond-expr","locations":[{"start":{"line":27,"column":43},"end":{"line":27,"column":51}},{"start":{"line":27,"column":54},"end":{"line":27,"column":71}}]}},"s":{"0":1,"1":8,"2":8,"3":8,"4":8,"5":8,"6":8,"7":8,"8":8,"9":8,"10":1,"11":1,"12":4,"13":4,"14":1,"15":1,"16":4,"17":4,"18":4,"19":4,"20":4,"21":4,"22":4,"23":4,"24":4,"25":1},"f":{"0":8,"1":4,"2":4},"b":{"0":[1,3],"1":[1,3]}}
,"/workspaces/dev-power-tools/src/lib/json-utils.ts": {"path":"/workspaces/dev-power-tools/src/lib/json-utils.ts","statementMap":{"0":{"start":{"line":20,"column":0},"end":{"line":20,"column":16}},"1":{"start":{"line":35,"column":0},"end":{"line":35,"column":16}},"2":{"start":{"line":64,"column":0},"end":{"line":64,"column":16}},"3":{"start":{"line":84,"column":0},"end":{"line":84,"column":16}},"4":{"start":{"line":96,"column":0},"end":{"line":96,"column":16}},"5":{"start":{"line":108,"column":0},"end":{"line":108,"column":16}},"6":{"start":{"line":123,"column":0},"end":{"line":123,"column":16}},"7":{"start":{"line":171,"column":0},"end":{"line":171,"column":16}},"8":{"start":{"line":229,"column":0},"end":{"line":229,"column":16}},"9":{"start":{"line":316,"column":0},"end":{"line":316,"column":16}},"10":{"start":{"line":370,"column":0},"end":{"line":370,"column":16}},"11":{"start":{"line":21,"column":2},"end":{"line":29,"column":3}},"12":{"start":{"line":22,"column":17},"end":{"line":22,"column":39}},"13":{"start":{"line":23,"column":4},"end":{"line":23,"column":35}},"14":{"start":{"line":25,"column":4},"end":{"line":28,"column":6}},"15":{"start":{"line":36,"column":66},"end":{"line":36,"column":73}},"16":{"start":{"line":38,"column":22},"end":{"line":38,"column":42}},"17":{"start":{"line":39,"column":2},"end":{"line":41,"column":3}},"18":{"start":{"line":40,"column":4},"end":{"line":40,"column":23}},"19":{"start":{"line":43,"column":2},"end":{"line":58,"column":3}},"20":{"start":{"line":44,"column":17},"end":{"line":44,"column":33}},"21":{"start":{"line":46,"column":4},"end":{"line":48,"column":5}},"22":{"start":{"line":47,"column":6},"end":{"line":47,"column":42}},"23":{"start":{"line":50,"column":25},"end":{"line":50,"column":61}},"24":{"start":{"line":51,"column":22},"end":{"line":51,"column":64}},"25":{"start":{"line":52,"column":4},"end":{"line":52,"column":46}},"26":{"start":{"line":54,"column":4},"end":{"line":57,"column":6}},"27":{"start":{"line":65,"column":22},"end":{"line":65,"column":42}},"28":{"start":{"line":66,"column":2},"end":{"line":68,"column":3}},"29":{"start":{"line":67,"column":4},"end":{"line":67,"column":23}},"30":{"start":{"line":70,"column":2},"end":{"line":78,"column":3}},"31":{"start":{"line":71,"column":21},"end":{"line":71,"column":53}},"32":{"start":{"line":72,"column":4},"end":{"line":72,"column":45}},"33":{"start":{"line":74,"column":4},"end":{"line":77,"column":6}},"34":{"start":{"line":85,"column":2},"end":{"line":90,"column":27}},"35":{"start":{"line":97,"column":2},"end":{"line":102,"column":27}},"36":{"start":{"line":109,"column":2},"end":{"line":116,"column":3}},"37":{"start":{"line":110,"column":4},"end":{"line":115,"column":10}},"38":{"start":{"line":111,"column":6},"end":{"line":113,"column":7}},"39":{"start":{"line":112,"column":8},"end":{"line":112,"column":37}},"40":{"start":{"line":114,"column":6},"end":{"line":114,"column":19}},"41":{"start":{"line":117,"column":2},"end":{"line":117,"column":38}},"42":{"start":{"line":124,"column":22},"end":{"line":124,"column":42}},"43":{"start":{"line":125,"column":2},"end":{"line":127,"column":3}},"44":{"start":{"line":126,"column":4},"end":{"line":126,"column":23}},"45":{"start":{"line":129,"column":2},"end":{"line":142,"column":3}},"46":{"start":{"line":130,"column":17},"end":{"line":130,"column":33}},"47":{"start":{"line":132,"column":4},"end":{"line":134,"column":5}},"48":{"start":{"line":133,"column":6},"end":{"line":133,"column":42}},"49":{"start":{"line":136,"column":4},"end":{"line":136,"column":43}},"50":{"start":{"line":138,"column":4},"end":{"line":141,"column":6}},"51":{"start":{"line":149,"column":2},"end":{"line":164,"column":3}},"52":{"start":{"line":150,"column":4},"end":{"line":155,"column":5}},"53":{"start":{"line":151,"column":21},"end":{"line":151,"column":36}},"54":{"start":{"line":152,"column":6},"end":{"line":152,"column":40}},"55":{"start":{"line":154,"column":6},"end":{"line":154,"column":17}},"56":{"start":{"line":156,"column":9},"end":{"line":164,"column":3}},"57":{"start":{"line":157,"column":4},"end":{"line":157,"column":39}},"58":{"start":{"line":158,"column":9},"end":{"line":164,"column":3}},"59":{"start":{"line":159,"column":24},"end":{"line":159,"column":26}},"60":{"start":{"line":160,"column":4},"end":{"line":162,"column":5}},"61":{"start":{"line":161,"column":6},"end":{"line":161,"column":46}},"62":{"start":{"line":163,"column":4},"end":{"line":163,"column":18}},"63":{"start":{"line":165,"column":2},"end":{"line":165,"column":13}},"64":{"start":{"line":173,"column":2},"end":{"line":180,"column":3}},"65":{"start":{"line":175,"column":4},"end":{"line":177,"column":5}},"66":{"start":{"line":176,"column":6},"end":{"line":176,"column":17}},"67":{"start":{"line":179,"column":4},"end":{"line":179,"column":29}},"68":{"start":{"line":182,"column":41},"end":{"line":182,"column":43}},"69":{"start":{"line":185,"column":2},"end":{"line":196,"column":3}},"70":{"start":{"line":186,"column":4},"end":{"line":194,"column":5}},"71":{"start":{"line":186,"column":17},"end":{"line":186,"column":18}},"72":{"start":{"line":187,"column":21},"end":{"line":187,"column":55}},"73":{"start":{"line":189,"column":6},"end":{"line":193,"column":7}},"74":{"start":{"line":190,"column":8},"end":{"line":190,"column":62}},"75":{"start":{"line":192,"column":8},"end":{"line":192,"column":35}},"76":{"start":{"line":195,"column":4},"end":{"line":195,"column":21}},"77":{"start":{"line":199,"column":2},"end":{"line":221,"column":3}},"78":{"start":{"line":200,"column":4},"end":{"line":220,"column":5}},"79":{"start":{"line":201,"column":21},"end":{"line":201,"column":54}},"80":{"start":{"line":203,"column":6},"end":{"line":219,"column":7}},"81":{"start":{"line":205,"column":8},"end":{"line":212,"column":9}},"82":{"start":{"line":205,"column":21},"end":{"line":205,"column":22}},"83":{"start":{"line":206,"column":27},"end":{"line":206,"column":43}},"84":{"start":{"line":207,"column":10},"end":{"line":211,"column":11}},"85":{"start":{"line":208,"column":12},"end":{"line":208,"column":73}},"86":{"start":{"line":210,"column":12},"end":{"line":210,"column":46}},"87":{"start":{"line":213,"column":13},"end":{"line":219,"column":7}},"88":{"start":{"line":215,"column":8},"end":{"line":215,"column":64}},"89":{"start":{"line":218,"column":8},"end":{"line":218,"column":37}},"90":{"start":{"line":223,"column":2},"end":{"line":223,"column":19}},"91":{"start":{"line":231,"column":2},"end":{"line":233,"column":3}},"92":{"start":{"line":232,"column":4},"end":{"line":232,"column":19}},"93":{"start":{"line":236,"column":15},"end":{"line":236,"column":35}},"94":{"start":{"line":237,"column":2},"end":{"line":239,"column":3}},"95":{"start":{"line":238,"column":4},"end":{"line":238,"column":14}},"96":{"start":{"line":241,"column":22},"end":{"line":241,"column":24}},"97":{"start":{"line":244,"column":28},"end":{"line":247,"column":4}},"98":{"start":{"line":245,"column":22},"end":{"line":245,"column":39}},"99":{"start":{"line":246,"column":4},"end":{"line":246,"column":35}},"100":{"start":{"line":249,"column":2},"end":{"line":278,"column":3}},"101":{"start":{"line":251,"column":29},"end":{"line":251,"column":31}},"102":{"start":{"line":252,"column":4},"end":{"line":276,"column":5}},"103":{"start":{"line":253,"column":19},"end":{"line":253,"column":33}},"104":{"start":{"line":254,"column":25},"end":{"line":254,"column":34}},"105":{"start":{"line":256,"column":6},"end":{"line":267,"column":7}},"106":{"start":{"line":256,"column":19},"end":{"line":256,"column":20}},"107":{"start":{"line":257,"column":27},"end":{"line":257,"column":34}},"108":{"start":{"line":258,"column":24},"end":{"line":258,"column":35}},"109":{"start":{"line":259,"column":22},"end":{"line":259,"column":46}},"110":{"start":{"line":261,"column":8},"end":{"line":265,"column":9}},"111":{"start":{"line":263,"column":31},"end":{"line":263,"column":52}},"112":{"start":{"line":264,"column":10},"end":{"line":264,"column":50}},"113":{"start":{"line":266,"column":8},"end":{"line":266,"column":33}},"114":{"start":{"line":269,"column":22},"end":{"line":269,"column":43}},"115":{"start":{"line":270,"column":6},"end":{"line":275,"column":7}},"116":{"start":{"line":271,"column":22},"end":{"line":271,"column":43}},"117":{"start":{"line":272,"column":8},"end":{"line":272,"column":38}},"118":{"start":{"line":274,"column":8},"end":{"line":274,"column":40}},"119":{"start":{"line":277,"column":4},"end":{"line":277,"column":21}},"120":{"start":{"line":281,"column":2},"end":{"line":308,"column":3}},"121":{"start":{"line":282,"column":17},"end":{"line":282,"column":31}},"122":{"start":{"line":283,"column":18},"end":{"line":283,"column":24}},"123":{"start":{"line":285,"column":4},"end":{"line":295,"column":5}},"124":{"start":{"line":285,"column":17},"end":{"line":285,"column":18}},"125":{"start":{"line":286,"column":25},"end":{"line":286,"column":32}},"126":{"start":{"line":287,"column":22},"end":{"line":287,"column":33}},"127":{"start":{"line":289,"column":6},"end":{"line":293,"column":7}},"128":{"start":{"line":291,"column":29},"end":{"line":291,"column":50}},"129":{"start":{"line":292,"column":8},"end":{"line":292,"column":53}},"130":{"start":{"line":294,"column":6},"end":{"line":294,"column":36}},"131":{"start":{"line":297,"column":20},"end":{"line":297,"column":41}},"132":{"start":{"line":299,"column":4},"end":{"line":307,"column":5}},"133":{"start":{"line":300,"column":20},"end":{"line":300,"column":41}},"134":{"start":{"line":301,"column":6},"end":{"line":303,"column":7}},"135":{"start":{"line":302,"column":8},"end":{"line":302,"column":21}},"136":{"start":{"line":304,"column":6},"end":{"line":304,"column":36}},"137":{"start":{"line":306,"column":6},"end":{"line":306,"column":38}},"138":{"start":{"line":310,"column":2},"end":{"line":310,"column":16}},"139":{"start":{"line":317,"column":17},"end":{"line":317,"column":37}},"140":{"start":{"line":318,"column":17},"end":{"line":318,"column":37}},"141":{"start":{"line":320,"column":2},"end":{"line":320,"column":87}},"142":{"start":{"line":320,"column":23},"end":{"line":320,"column":87}},"143":{"start":{"line":321,"column":2},"end":{"line":321,"column":88}},"144":{"start":{"line":321,"column":23},"end":{"line":321,"column":88}},"145":{"start":{"line":323,"column":22},"end":{"line":323,"column":63}},"146":{"start":{"line":324,"column":2},"end":{"line":324,"column":46}},"147":{"start":{"line":331,"column":29},"end":{"line":331,"column":31}},"148":{"start":{"line":334,"column":18},"end":{"line":341,"column":3}},"149":{"start":{"line":335,"column":4},"end":{"line":340,"column":7}},"150":{"start":{"line":344,"column":2},"end":{"line":362,"column":3}},"151":{"start":{"line":345,"column":18},"end":{"line":345,"column":35}},"152":{"start":{"line":346,"column":18},"end":{"line":346,"column":35}},"153":{"start":{"line":347,"column":20},"end":{"line":347,"column":49}},"154":{"start":{"line":349,"column":4},"end":{"line":359,"column":5}},"155":{"start":{"line":350,"column":22},"end":{"line":350,"column":51}},"156":{"start":{"line":352,"column":6},"end":{"line":358,"column":7}},"157":{"start":{"line":353,"column":8},"end":{"line":353,"column":52}},"158":{"start":{"line":354,"column":13},"end":{"line":358,"column":7}},"159":{"start":{"line":355,"column":8},"end":{"line":355,"column":54}},"160":{"start":{"line":356,"column":13},"end":{"line":358,"column":7}},"161":{"start":{"line":357,"column":8},"end":{"line":357,"column":76}},"162":{"start":{"line":360,"column":9},"end":{"line":362,"column":3}},"163":{"start":{"line":361,"column":4},"end":{"line":361,"column":39}},"164":{"start":{"line":364,"column":2},"end":{"line":364,"column":21}},"165":{"start":{"line":375,"column":57},"end":{"line":375,"column":64}},"166":{"start":{"line":377,"column":22},"end":{"line":410,"column":3}},"167":{"start":{"line":378,"column":4},"end":{"line":387,"column":5}},"168":{"start":{"line":379,"column":25},"end":{"line":385,"column":8}},"169":{"start":{"line":386,"column":6},"end":{"line":386,"column":71}},"170":{"start":{"line":389,"column":18},"end":{"line":389,"column":50}},"171":{"start":{"line":390,"column":17},"end":{"line":390,"column":64}},"172":{"start":{"line":392,"column":4},"end":{"line":409,"column":5}},"173":{"start":{"line":394,"column":25},"end":{"line":394,"column":27}},"174":{"start":{"line":395,"column":8},"end":{"line":397,"column":9}},"175":{"start":{"line":395,"column":21},"end":{"line":395,"column":22}},"176":{"start":{"line":396,"column":10},"end":{"line":396,"column":58}},"177":{"start":{"line":398,"column":8},"end":{"line":398,"column":19}},"178":{"start":{"line":401,"column":20},"end":{"line":401,"column":22}},"179":{"start":{"line":402,"column":8},"end":{"line":404,"column":9}},"180":{"start":{"line":402,"column":21},"end":{"line":402,"column":22}},"181":{"start":{"line":403,"column":10},"end":{"line":403,"column":50}},"182":{"start":{"line":405,"column":8},"end":{"line":405,"column":19}},"183":{"start":{"line":408,"column":8},"end":{"line":408,"column":30}},"184":{"start":{"line":412,"column":2},"end":{"line":412,"column":53}}},"fnMap":{"0":{"name":"safeJsonParse","decl":{"start":{"line":20,"column":16},"end":{"line":20,"column":29}},"loc":{"start":{"line":20,"column":48},"end":{"line":30,"column":1}}},"1":{"name":"beautifyJson","decl":{"start":{"line":35,"column":16},"end":{"line":35,"column":28}},"loc":{"start":{"line":35,"column":75},"end":{"line":59,"column":1}}},"2":{"name":"minifyJson","decl":{"start":{"line":64,"column":16},"end":{"line":64,"column":26}},"loc":{"start":{"line":64,"column":40},"end":{"line":79,"column":1}}},"3":{"name":"escapeJson","decl":{"start":{"line":84,"column":16},"end":{"line":84,"column":26}},"loc":{"start":{"line":84,"column":40},"end":{"line":91,"column":1}}},"4":{"name":"unescapeJson","decl":{"start":{"line":96,"column":16},"end":{"line":96,"column":28}},"loc":{"start":{"line":96,"column":42},"end":{"line":103,"column":1}}},"5":{"name":"serializeToJson","decl":{"start":{"line":108,"column":16},"end":{"line":108,"column":31}},"loc":{"start":{"line":108,"column":59},"end":{"line":118,"column":1}}},"6":{"name":"(anonymous_6)","decl":{"start":{"line":110,"column":31},"end":{"line":110,"column":32}},"loc":{"start":{"line":110,"column":46},"end":{"line":115,"column":5}}},"7":{"name":"deserializeJson","decl":{"start":{"line":123,"column":16},"end":{"line":123,"column":31}},"loc":{"start":{"line":123,"column":64},"end":{"line":143,"column":1}}},"8":{"name":"recursiveJsonParse","decl":{"start":{"line":148,"column":9},"end":{"line":148,"column":27}},"loc":{"start":{"line":148,"column":36},"end":{"line":166,"column":1}}},"9":{"name":"flattenJson","decl":{"start":{"line":171,"column":16},"end":{"line":171,"column":27}},"loc":{"start":{"line":171,"column":49},"end":{"line":224,"column":1}}},"10":{"name":"unflattenJson","decl":{"start":{"line":229,"column":16},"end":{"line":229,"column":29}},"loc":{"start":{"line":229,"column":42},"end":{"line":311,"column":1}}},"11":{"name":"(anonymous_11)","decl":{"start":{"line":244,"column":39},"end":{"line":244,"column":42}},"loc":{"start":{"line":244,"column":45},"end":{"line":247,"column":3}}},"12":{"name":"compareJson","decl":{"start":{"line":316,"column":16},"end":{"line":316,"column":27}},"loc":{"start":{"line":316,"column":56},"end":{"line":325,"column":1}}},"13":{"name":"findDifferences","decl":{"start":{"line":330,"column":9},"end":{"line":330,"column":24}},"loc":{"start":{"line":330,"column":56},"end":{"line":365,"column":1}}},"14":{"name":"(anonymous_14)","decl":{"start":{"line":334,"column":18},"end":{"line":334,"column":19}},"loc":{"start":{"line":334,"column":76},"end":{"line":341,"column":3}}},"15":{"name":"generateRandomJson","decl":{"start":{"line":370,"column":16},"end":{"line":370,"column":34}},"loc":{"start":{"line":374,"column":6},"end":{"line":413,"column":1}}},"16":{"name":"(anonymous_16)","decl":{"start":{"line":377,"column":22},"end":{"line":377,"column":23}},"loc":{"start":{"line":377,"column":52},"end":{"line":410,"column":3}}}},"branchMap":{"0":{"loc":{"start":{"line":27,"column":13},"end":{"line":27,"column":77}},"type":"cond-expr","locations":[{"start":{"line":27,"column":38},"end":{"line":27,"column":51}},{"start":{"line":27,"column":54},"end":{"line":27,"column":77}}]},"1":{"loc":{"start":{"line":35,"column":44},"end":{"line":35,"column":75}},"type":"default-arg","locations":[{"start":{"line":35,"column":73},"end":{"line":35,"column":75}}]},"2":{"loc":{"start":{"line":36,"column":10},"end":{"line":36,"column":20}},"type":"default-arg","locations":[{"start":{"line":36,"column":19},"end":{"line":36,"column":20}}]},"3":{"loc":{"start":{"line":36,"column":22},"end":{"line":36,"column":39}},"type":"default-arg","locations":[{"start":{"line":36,"column":34},"end":{"line":36,"column":39}}]},"4":{"loc":{"start":{"line":36,"column":41},"end":{"line":36,"column":61}},"type":"default-arg","locations":[{"start":{"line":36,"column":54},"end":{"line":36,"column":61}}]},"5":{"loc":{"start":{"line":39,"column":2},"end":{"line":41,"column":3}},"type":"if","locations":[{"start":{"line":39,"column":2},"end":{"line":41,"column":3}},{"start":{},"end":{}}]},"6":{"loc":{"start":{"line":46,"column":4},"end":{"line":48,"column":5}},"type":"if","locations":[{"start":{"line":46,"column":4},"end":{"line":48,"column":5}},{"start":{},"end":{}}]},"7":{"loc":{"start":{"line":50,"column":25},"end":{"line":50,"column":61}},"type":"cond-expr","locations":[{"start":{"line":50,"column":48},"end":{"line":50,"column":52}},{"start":{"line":50,"column":55},"end":{"line":50,"column":61}}]},"8":{"loc":{"start":{"line":56,"column":13},"end":{"line":56,"column":72}},"type":"cond-expr","locations":[{"start":{"line":56,"column":38},"end":{"line":56,"column":51}},{"start":{"line":56,"column":54},"end":{"line":56,"column":72}}]},"9":{"loc":{"start":{"line":66,"column":2},"end":{"line":68,"column":3}},"type":"if","locations":[{"start":{"line":66,"column":2},"end":{"line":68,"column":3}},{"start":{},"end":{}}]},"10":{"loc":{"start":{"line":76,"column":13},"end":{"line":76,"column":74}},"type":"cond-expr","locations":[{"start":{"line":76,"column":38},"end":{"line":76,"column":51}},{"start":{"line":76,"column":54},"end":{"line":76,"column":74}}]},"11":{"loc":{"start":{"line":108,"column":42},"end":{"line":108,"column":59}},"type":"default-arg","locations":[{"start":{"line":108,"column":54},"end":{"line":108,"column":59}}]},"12":{"loc":{"start":{"line":109,"column":2},"end":{"line":116,"column":3}},"type":"if","locations":[{"start":{"line":109,"column":2},"end":{"line":116,"column":3}},{"start":{},"end":{}}]},"13":{"loc":{"start":{"line":111,"column":6},"end":{"line":113,"column":7}},"type":"if","locations":[{"start":{"line":111,"column":6},"end":{"line":113,"column":7}},{"start":{},"end":{}}]},"14":{"loc":{"start":{"line":111,"column":10},"end":{"line":111,"column":53}},"type":"binary-expr","locations":[{"start":{"line":111,"column":10},"end":{"line":111,"column":35}},{"start":{"line":111,"column":39},"end":{"line":111,"column":53}}]},"15":{"loc":{"start":{"line":123,"column":47},"end":{"line":123,"column":64}},"type":"default-arg","locations":[{"start":{"line":123,"column":59},"end":{"line":123,"column":64}}]},"16":{"loc":{"start":{"line":125,"column":2},"end":{"line":127,"column":3}},"type":"if","locations":[{"start":{"line":125,"column":2},"end":{"line":127,"column":3}},{"start":{},"end":{}}]},"17":{"loc":{"start":{"line":132,"column":4},"end":{"line":134,"column":5}},"type":"if","locations":[{"start":{"line":132,"column":4},"end":{"line":134,"column":5}},{"start":{},"end":{}}]},"18":{"loc":{"start":{"line":140,"column":13},"end":{"line":140,"column":77}},"type":"cond-expr","locations":[{"start":{"line":140,"column":38},"end":{"line":140,"column":51}},{"start":{"line":140,"column":54},"end":{"line":140,"column":77}}]},"19":{"loc":{"start":{"line":149,"column":2},"end":{"line":164,"column":3}},"type":"if","locations":[{"start":{"line":149,"column":2},"end":{"line":164,"column":3}},{"start":{"line":156,"column":9},"end":{"line":164,"column":3}}]},"20":{"loc":{"start":{"line":156,"column":9},"end":{"line":164,"column":3}},"type":"if","locations":[{"start":{"line":156,"column":9},"end":{"line":164,"column":3}},{"start":{"line":158,"column":9},"end":{"line":164,"column":3}}]},"21":{"loc":{"start":{"line":158,"column":9},"end":{"line":164,"column":3}},"type":"if","locations":[{"start":{"line":158,"column":9},"end":{"line":164,"column":3}},{"start":{},"end":{}}]},"22":{"loc":{"start":{"line":158,"column":13},"end":{"line":158,"column":52}},"type":"binary-expr","locations":[{"start":{"line":158,"column":13},"end":{"line":158,"column":25}},{"start":{"line":158,"column":29},"end":{"line":158,"column":52}}]},"23":{"loc":{"start":{"line":171,"column":38},"end":{"line":171,"column":49}},"type":"default-arg","locations":[{"start":{"line":171,"column":47},"end":{"line":171,"column":49}}]},"24":{"loc":{"start":{"line":173,"column":2},"end":{"line":180,"column":3}},"type":"if","locations":[{"start":{"line":173,"column":2},"end":{"line":180,"column":3}},{"start":{},"end":{}}]},"25":{"loc":{"start":{"line":173,"column":6},"end":{"line":173,"column":45}},"type":"binary-expr","locations":[{"start":{"line":173,"column":6},"end":{"line":173,"column":18}},{"start":{"line":173,"column":22},"end":{"line":173,"column":45}}]},"26":{"loc":{"start":{"line":175,"column":4},"end":{"line":177,"column":5}},"type":"if","locations":[{"start":{"line":175,"column":4},"end":{"line":177,"column":5}},{"start":{},"end":{}}]},"27":{"loc":{"start":{"line":185,"column":2},"end":{"line":196,"column":3}},"type":"if","locations":[{"start":{"line":185,"column":2},"end":{"line":196,"column":3}},{"start":{},"end":{}}]},"28":{"loc":{"start":{"line":187,"column":21},"end":{"line":187,"column":55}},"type":"cond-expr","locations":[{"start":{"line":187,"column":30},"end":{"line":187,"column":46}},{"start":{"line":187,"column":49},"end":{"line":187,"column":55}}]},"29":{"loc":{"start":{"line":189,"column":6},"end":{"line":193,"column":7}},"type":"if","locations":[{"start":{"line":189,"column":6},"end":{"line":193,"column":7}},{"start":{"line":191,"column":13},"end":{"line":193,"column":7}}]},"30":{"loc":{"start":{"line":189,"column":10},"end":{"line":189,"column":55}},"type":"binary-expr","locations":[{"start":{"line":189,"column":10},"end":{"line":189,"column":25}},{"start":{"line":189,"column":29},"end":{"line":189,"column":55}}]},"31":{"loc":{"start":{"line":200,"column":4},"end":{"line":220,"column":5}},"type":"if","locations":[{"start":{"line":200,"column":4},"end":{"line":220,"column":5}},{"start":{},"end":{}}]},"32":{"loc":{"start":{"line":201,"column":21},"end":{"line":201,"column":54}},"type":"cond-expr","locations":[{"start":{"line":201,"column":30},"end":{"line":201,"column":48}},{"start":{"line":201,"column":51},"end":{"line":201,"column":54}}]},"33":{"loc":{"start":{"line":203,"column":6},"end":{"line":219,"column":7}},"type":"if","locations":[{"start":{"line":203,"column":6},"end":{"line":219,"column":7}},{"start":{"line":213,"column":13},"end":{"line":219,"column":7}}]},"34":{"loc":{"start":{"line":207,"column":10},"end":{"line":211,"column":11}},"type":"if","locations":[{"start":{"line":207,"column":10},"end":{"line":211,"column":11}},{"start":{"line":209,"column":17},"end":{"line":211,"column":11}}]},"35":{"loc":{"start":{"line":207,"column":14},"end":{"line":207,"column":69}},"type":"binary-expr","locations":[{"start":{"line":207,"column":14},"end":{"line":207,"column":34}},{"start":{"line":207,"column":38},"end":{"line":207,"column":69}}]},"36":{"loc":{"start":{"line":213,"column":13},"end":{"line":219,"column":7}},"type":"if","locations":[{"start":{"line":213,"column":13},"end":{"line":219,"column":7}},{"start":{"line":216,"column":13},"end":{"line":219,"column":7}}]},"37":{"loc":{"start":{"line":213,"column":17},"end":{"line":213,"column":66}},"type":"binary-expr","locations":[{"start":{"line":213,"column":17},"end":{"line":213,"column":34}},{"start":{"line":213,"column":38},"end":{"line":213,"column":66}}]},"38":{"loc":{"start":{"line":231,"column":2},"end":{"line":233,"column":3}},"type":"if","locations":[{"start":{"line":231,"column":2},"end":{"line":233,"column":3}},{"start":{},"end":{}}]},"39":{"loc":{"start":{"line":231,"column":6},"end":{"line":231,"column":79}},"type":"binary-expr","locations":[{"start":{"line":231,"column":6},"end":{"line":231,"column":22}},{"start":{"line":231,"column":26},"end":{"line":231,"column":53}},{"start":{"line":231,"column":57},"end":{"line":231,"column":79}}]},"40":{"loc":{"start":{"line":237,"column":2},"end":{"line":239,"column":3}},"type":"if","locations":[{"start":{"line":237,"column":2},"end":{"line":239,"column":3}},{"start":{},"end":{}}]},"41":{"loc":{"start":{"line":249,"column":2},"end":{"line":278,"column":3}},"type":"if","locations":[{"start":{"line":249,"column":2},"end":{"line":278,"column":3}},{"start":{},"end":{}}]},"42":{"loc":{"start":{"line":261,"column":8},"end":{"line":265,"column":9}},"type":"if","locations":[{"start":{"line":261,"column":8},"end":{"line":265,"column":9}},{"start":{},"end":{}}]},"43":{"loc":{"start":{"line":264,"column":27},"end":{"line":264,"column":49}},"type":"cond-expr","locations":[{"start":{"line":264,"column":42},"end":{"line":264,"column":44}},{"start":{"line":264,"column":47},"end":{"line":264,"column":49}}]},"44":{"loc":{"start":{"line":270,"column":6},"end":{"line":275,"column":7}},"type":"if","locations":[{"start":{"line":270,"column":6},"end":{"line":275,"column":7}},{"start":{"line":273,"column":13},"end":{"line":275,"column":7}}]},"45":{"loc":{"start":{"line":289,"column":6},"end":{"line":293,"column":7}},"type":"if","locations":[{"start":{"line":289,"column":6},"end":{"line":293,"column":7}},{"start":{},"end":{}}]},"46":{"loc":{"start":{"line":292,"column":30},"end":{"line":292,"column":52}},"type":"cond-expr","locations":[{"start":{"line":292,"column":45},"end":{"line":292,"column":47}},{"start":{"line":292,"column":50},"end":{"line":292,"column":52}}]},"47":{"loc":{"start":{"line":299,"column":4},"end":{"line":307,"column":5}},"type":"if","locations":[{"start":{"line":299,"column":4},"end":{"line":307,"column":5}},{"start":{"line":305,"column":11},"end":{"line":307,"column":5}}]},"48":{"loc":{"start":{"line":301,"column":6},"end":{"line":303,"column":7}},"type":"if","locations":[{"start":{"line":301,"column":6},"end":{"line":303,"column":7}},{"start":{},"end":{}}]},"49":{"loc":{"start":{"line":320,"column":2},"end":{"line":320,"column":87}},"type":"if","locations":[{"start":{"line":320,"column":2},"end":{"line":320,"column":87}},{"start":{},"end":{}}]},"50":{"loc":{"start":{"line":321,"column":2},"end":{"line":321,"column":88}},"type":"if","locations":[{"start":{"line":321,"column":2},"end":{"line":321,"column":88}},{"start":{},"end":{}}]},"51":{"loc":{"start":{"line":330,"column":47},"end":{"line":330,"column":56}},"type":"default-arg","locations":[{"start":{"line":330,"column":54},"end":{"line":330,"column":56}}]},"52":{"loc":{"start":{"line":337,"column":12},"end":{"line":337,"column":41}},"type":"cond-expr","locations":[{"start":{"line":337,"column":19},"end":{"line":337,"column":35}},{"start":{"line":337,"column":38},"end":{"line":337,"column":41}}]},"53":{"loc":{"start":{"line":344,"column":2},"end":{"line":362,"column":3}},"type":"if","locations":[{"start":{"line":344,"column":2},"end":{"line":362,"column":3}},{"start":{"line":360,"column":9},"end":{"line":362,"column":3}}]},"54":{"loc":{"start":{"line":344,"column":6},"end":{"line":344,"column":92}},"type":"binary-expr","locations":[{"start":{"line":344,"column":6},"end":{"line":344,"column":30}},{"start":{"line":344,"column":34},"end":{"line":344,"column":58}},{"start":{"line":344,"column":62},"end":{"line":344,"column":75}},{"start":{"line":344,"column":79},"end":{"line":344,"column":92}}]},"55":{"loc":{"start":{"line":350,"column":22},"end":{"line":350,"column":51}},"type":"cond-expr","locations":[{"start":{"line":350,"column":29},"end":{"line":350,"column":45}},{"start":{"line":350,"column":48},"end":{"line":350,"column":51}}]},"56":{"loc":{"start":{"line":352,"column":6},"end":{"line":358,"column":7}},"type":"if","locations":[{"start":{"line":352,"column":6},"end":{"line":358,"column":7}},{"start":{"line":354,"column":13},"end":{"line":358,"column":7}}]},"57":{"loc":{"start":{"line":354,"column":13},"end":{"line":358,"column":7}},"type":"if","locations":[{"start":{"line":354,"column":13},"end":{"line":358,"column":7}},{"start":{"line":356,"column":13},"end":{"line":358,"column":7}}]},"58":{"loc":{"start":{"line":356,"column":13},"end":{"line":358,"column":7}},"type":"if","locations":[{"start":{"line":356,"column":13},"end":{"line":358,"column":7}},{"start":{},"end":{}}]},"59":{"loc":{"start":{"line":360,"column":9},"end":{"line":362,"column":3}},"type":"if","locations":[{"start":{"line":360,"column":9},"end":{"line":362,"column":3}},{"start":{},"end":{}}]},"60":{"loc":{"start":{"line":370,"column":35},"end":{"line":374,"column":6}},"type":"default-arg","locations":[{"start":{"line":374,"column":4},"end":{"line":374,"column":6}}]},"61":{"loc":{"start":{"line":375,"column":10},"end":{"line":375,"column":19}},"type":"default-arg","locations":[{"start":{"line":375,"column":18},"end":{"line":375,"column":19}}]},"62":{"loc":{"start":{"line":375,"column":21},"end":{"line":375,"column":36}},"type":"default-arg","locations":[{"start":{"line":375,"column":35},"end":{"line":375,"column":36}}]},"63":{"loc":{"start":{"line":375,"column":38},"end":{"line":375,"column":52}},"type":"default-arg","locations":[{"start":{"line":375,"column":51},"end":{"line":375,"column":52}}]},"64":{"loc":{"start":{"line":378,"column":4},"end":{"line":387,"column":5}},"type":"if","locations":[{"start":{"line":378,"column":4},"end":{"line":387,"column":5}},{"start":{},"end":{}}]},"65":{"loc":{"start":{"line":392,"column":4},"end":{"line":409,"column":5}},"type":"switch","locations":[{"start":{"line":393,"column":6},"end":{"line":398,"column":19}},{"start":{"line":400,"column":6},"end":{"line":405,"column":19}},{"start":{"line":407,"column":6},"end":{"line":408,"column":30}}]}},"s":{"0":1,"1":1,"2":1,"3":1,"4":1,"5":1,"6":1,"7":1,"8":1,"9":1,"10":1,"11":31,"12":31,"13":26,"14":5,"15":4,"16":4,"17":4,"18":1,"19":3,"20":3,"21":3,"22":0,"23":3,"24":3,"25":3,"26":0,"27":3,"28":3,"29":1,"30":2,"31":2,"32":2,"33":0,"34":2,"35":2,"36":6,"37":0,"38":0,"39":0,"40":0,"41":6,"42":3,"43":3,"44":1,"45":2,"46":2,"47":2,"48":0,"49":2,"50":0,"51":0,"52":0,"53":0,"54":0,"55":0,"56":0,"57":0,"58":0,"59":0,"60":0,"61":0,"62":0,"63":0,"64":26,"65":8,"66":8,"67":0,"68":18,"69":18,"70":4,"71":4,"72":6,"73":6,"74":6,"75":0,"76":4,"77":14,"78":21,"79":21,"80":21,"81":1,"82":1,"83":3,"84":3,"85":1,"86":2,"87":20,"88":3,"89":17,"90":14,"91":15,"92":8,"93":7,"94":7,"95":0,"96":7,"97":7,"98":13,"99":13,"100":7,"101":4,"102":4,"103":10,"104":10,"105":10,"106":10,"107":10,"108":10,"109":10,"110":10,"111":6,"112":6,"113":10,"114":10,"115":10,"116":0,"117":0,"118":10,"119":4,"120":3,"121":7,"122":7,"123":7,"124":7,"125":9,"126":9,"127":9,"128":5,"129":5,"130":9,"131":7,"132":7,"133":2,"134":2,"135":0,"136":2,"137":5,"138":3,"139":5,"140":5,"141":5,"142":0,"143":5,"144":1,"145":4,"146":4,"147":5,"148":5,"149":3,"150":5,"151":4,"152":4,"153":4,"154":4,"155":8,"156":8,"157":1,"158":7,"159":1,"160":6,"161":1,"162":1,"163":1,"164":5,"165":5,"166":5,"167":17,"168":8,"169":8,"170":9,"171":9,"172":9,"173":3,"174":3,"175":3,"176":3,"177":3,"178":2,"179":2,"180":2,"181":5,"182":2,"183":4,"184":5},"f":{"0":31,"1":4,"2":3,"3":2,"4":2,"5":6,"6":0,"7":3,"8":0,"9":26,"10":15,"11":13,"12":5,"13":5,"14":3,"15":5,"16":17},"b":{"0":[5,0],"1":[2],"2":[3],"3":[4],"4":[3],"5":[1,3],"6":[0,3],"7":[1,2],"8":[0,0],"9":[1,2],"10":[0,0],"11":[6],"12":[0,6],"13":[0,0],"14":[0,0],"15":[3],"16":[1,2],"17":[0,2],"18":[0,0],"19":[0,0],"20":[0,0],"21":[0,0],"22":[0,0],"23":[16],"24":[8,18],"25":[26,24],"26":[8,0],"27":[4,14],"28":[0,6],"29":[6,0],"30":[6,6],"31":[21,0],"32":[14,7],"33":[1,20],"34":[1,2],"35":[3,3],"36":[3,17],"37":[20,20],"38":[8,7],"39":[15,13,7],"40":[0,7],"41":[4,3],"42":[6,4],"43":[0,6],"44":[0,10],"45":[5,4],"46":[1,4],"47":[2,5],"48":[0,2],"49":[0,5],"50":[1,4],"51":[4],"52":[1,2],"53":[4,1],"54":[5,4,4,4],"55":[0,8],"56":[1,7],"57":[1,6],"58":[1,5],"59":[1,0],"60":[3],"61":[3],"62":[5],"63":[4],"64":[8,9],"65":[3,2,4]}}
,"/workspaces/dev-power-tools/src/lib/toast-utils.ts": {"path":"/workspaces/dev-power-tools/src/lib/toast-utils.ts","statementMap":{"0":{"start":{"line":13,"column":33},"end":{"line":61,"column":1}},"1":{"start":{"line":14,"column":2},"end":{"line":60,"column":4}},"2":{"start":{"line":16,"column":6},"end":{"line":20,"column":9}},"3":{"start":{"line":24,"column":6},"end":{"line":28,"column":9}},"4":{"start":{"line":32,"column":6},"end":{"line":35,"column":9}},"5":{"start":{"line":39,"column":6},"end":{"line":43,"column":9}},"6":{"start":{"line":47,"column":6},"end":{"line":50,"column":9}},"7":{"start":{"line":54,"column":6},"end":{"line":58,"column":9}},"8":{"start":{"line":13,"column":13},"end":{"line":13,"column":33}}},"fnMap":{"0":{"name":"(anonymous_0)","decl":{"start":{"line":13,"column":33},"end":{"line":13,"column":34}},"loc":{"start":{"line":13,"column":81},"end":{"line":61,"column":1}}},"1":{"name":"(anonymous_1)","decl":{"start":{"line":15,"column":13},"end":{"line":15,"column":14}},"loc":{"start":{"line":15,"column":53},"end":{"line":21,"column":5}}},"2":{"name":"(anonymous_2)","decl":{"start":{"line":23,"column":11},"end":{"line":23,"column":12}},"loc":{"start":{"line":23,"column":51},"end":{"line":29,"column":5}}},"3":{"name":"(anonymous_3)","decl":{"start":{"line":31,"column":17},"end":{"line":31,"column":18}},"loc":{"start":{"line":31,"column":47},"end":{"line":36,"column":5}}},"4":{"name":"(anonymous_4)","decl":{"start":{"line":38,"column":15},"end":{"line":38,"column":18}},"loc":{"start":{"line":38,"column":20},"end":{"line":44,"column":5}}},"5":{"name":"(anonymous_5)","decl":{"start":{"line":46,"column":21},"end":{"line":46,"column":22}},"loc":{"start":{"line":46,"column":42},"end":{"line":51,"column":5}}},"6":{"name":"(anonymous_6)","decl":{"start":{"line":53,"column":19},"end":{"line":53,"column":22}},"loc":{"start":{"line":53,"column":24},"end":{"line":59,"column":5}}}},"branchMap":{"0":{"loc":{"start":{"line":31,"column":18},"end":{"line":31,"column":43}},"type":"default-arg","locations":[{"start":{"line":31,"column":34},"end":{"line":31,"column":43}}]}},"s":{"0":1,"1":22,"2":4,"3":4,"4":8,"5":3,"6":7,"7":3,"8":1},"f":{"0":22,"1":4,"2":4,"3":8,"4":3,"5":7,"6":3},"b":{"0":[1]}}
,"/workspaces/dev-power-tools/src/lib/utils.ts": {"path":"/workspaces/dev-power-tools/src/lib/utils.ts","statementMap":{"0":{"start":{"line":4,"column":0},"end":{"line":4,"column":16}},"1":{"start":{"line":1,"column":0},"end":{"line":1,"column":45}},"2":{"start":{"line":2,"column":0},"end":{"line":2,"column":41}},"3":{"start":{"line":5,"column":2},"end":{"line":5,"column":31}}},"fnMap":{"0":{"name":"cn","decl":{"start":{"line":4,"column":16},"end":{"line":4,"column":18}},"loc":{"start":{"line":4,"column":42},"end":{"line":6,"column":1}}}},"branchMap":{},"s":{"0":1,"1":1,"2":1,"3":14},"f":{"0":14},"b":{}}
}
