TN:
SF:src/lib/brazilian-utils.ts
FN:4,generateCPF
FN:5,(anonymous_1)
FN:27,validateCPF
FN:67,formatCPF
FN:76,generateCNPJ
FN:77,(anonymous_5)
FN:101,validateCNPJ
FN:143,formatCNPJ
FN:152,generateCEP
FN:153,(anonymous_9)
FN:157,validateCEP
FN:171,formatCEP
FN:180,generatePhone
FN:183,(anonymous_13)
FN:189,formatPhone
FN:199,validatePhone
FN:222,generateRG
FN:223,(anonymous_17)
FN:227,formatRG
FN:236,generateLicensePlate
FN:239,(anonymous_20)
FN:242,(anonymous_21)
FN:246,(anonymous_22)
FN:247,(anonymous_23)
FN:252,validateLicensePlate
FNF:25
FNH:25
FNDA:4,generateCPF
FNDA:36,(anonymous_1)
FNDA:11,validateCPF
FNDA:5,formatCPF
FNDA:4,generateCNPJ
FNDA:48,(anonymous_5)
FNDA:11,validateCNPJ
FNDA:5,formatCNPJ
FNDA:4,generateCEP
FNDA:32,(anonymous_9)
FNDA:5,validateCEP
FNDA:5,formatCEP
FNDA:14,generatePhone
FNDA:98,(anonymous_13)
FNDA:6,formatPhone
FNDA:8,validatePhone
FNDA:15,generateRG
FNDA:135,(anonymous_17)
FNDA:5,formatRG
FNDA:5,generateLicensePlate
FNDA:12,(anonymous_20)
FNDA:8,(anonymous_21)
FNDA:3,(anonymous_22)
FNDA:4,(anonymous_23)
FNDA:8,validateLicensePlate
DA:4,1
DA:5,36
DA:8,4
DA:9,4
DA:10,36
DA:12,4
DA:15,4
DA:16,4
DA:17,36
DA:19,4
DA:20,4
DA:22,4
DA:24,4
DA:27,1
DA:28,11
DA:30,11
DA:31,2
DA:35,9
DA:36,2
DA:39,7
DA:42,7
DA:43,7
DA:44,63
DA:46,7
DA:48,7
DA:49,0
DA:53,7
DA:54,7
DA:55,63
DA:57,7
DA:58,7
DA:60,7
DA:61,2
DA:64,5
DA:67,1
DA:68,5
DA:69,5
DA:70,4
DA:72,1
DA:76,1
DA:77,48
DA:80,4
DA:81,4
DA:82,4
DA:83,48
DA:85,4
DA:88,4
DA:89,4
DA:90,4
DA:91,48
DA:93,4
DA:94,4
DA:96,4
DA:98,4
DA:101,1
DA:102,11
DA:104,11
DA:105,2
DA:109,9
DA:110,2
DA:113,7
DA:116,7
DA:117,7
DA:118,7
DA:119,84
DA:121,7
DA:123,7
DA:124,2
DA:128,5
DA:129,5
DA:130,5
DA:131,60
DA:133,5
DA:134,5
DA:136,5
DA:137,0
DA:140,5
DA:143,1
DA:144,5
DA:145,5
DA:146,4
DA:148,1
DA:152,1
DA:153,32
DA:154,4
DA:157,1
DA:158,5
DA:160,5
DA:161,1
DA:164,4
DA:165,0
DA:168,4
DA:171,1
DA:172,5
DA:173,5
DA:174,4
DA:176,1
DA:180,1
DA:181,14
DA:182,14
DA:183,98
DA:185,14
DA:186,14
DA:189,1
DA:190,6
DA:191,6
DA:192,1
DA:193,5
DA:194,4
DA:196,1
DA:199,1
DA:200,8
DA:202,8
DA:203,1
DA:206,7
DA:207,7
DA:208,1
DA:211,6
DA:212,2
DA:213,2
DA:214,1
DA:218,5
DA:222,1
DA:223,135
DA:224,15
DA:227,1
DA:228,5
DA:229,5
DA:230,4
DA:232,1
DA:236,1
DA:237,5
DA:239,12
DA:240,4
DA:241,4
DA:242,8
DA:243,4
DA:246,3
DA:247,4
DA:248,1
DA:252,1
DA:253,8
DA:256,8
DA:257,8
DA:258,3
DA:262,5
DA:263,5
DA:264,3
DA:267,2
LF:149
LH:146
BRDA:4,0,0,2
BRDA:24,1,0,1
BRDA:24,1,1,3
BRDA:30,2,0,2
BRDA:30,2,1,9
BRDA:35,3,0,2
BRDA:35,3,1,7
BRDA:48,4,0,0
BRDA:48,4,1,7
BRDA:60,5,0,2
BRDA:60,5,1,5
BRDA:69,6,0,4
BRDA:69,6,1,1
BRDA:76,7,0,2
BRDA:85,8,0,0
BRDA:85,8,1,4
BRDA:94,9,0,0
BRDA:94,9,1,4
BRDA:98,10,0,1
BRDA:98,10,1,3
BRDA:104,11,0,2
BRDA:104,11,1,9
BRDA:109,12,0,2
BRDA:109,12,1,7
BRDA:121,13,0,0
BRDA:121,13,1,7
BRDA:123,14,0,2
BRDA:123,14,1,5
BRDA:134,15,0,0
BRDA:134,15,1,5
BRDA:136,16,0,0
BRDA:136,16,1,5
BRDA:145,17,0,4
BRDA:145,17,1,1
BRDA:152,18,0,3
BRDA:154,19,0,1
BRDA:154,19,1,3
BRDA:160,20,0,1
BRDA:160,20,1,4
BRDA:164,21,0,0
BRDA:164,21,1,4
BRDA:173,22,0,4
BRDA:173,22,1,1
BRDA:180,23,0,3
BRDA:186,24,0,1
BRDA:186,24,1,13
BRDA:191,25,0,1
BRDA:191,25,1,5
BRDA:193,26,0,4
BRDA:193,26,1,1
BRDA:202,27,0,1
BRDA:202,27,1,7
BRDA:202,28,0,8
BRDA:202,28,1,3
BRDA:207,29,0,1
BRDA:207,29,1,6
BRDA:207,30,0,7
BRDA:207,30,1,6
BRDA:211,31,0,2
BRDA:211,31,1,4
BRDA:213,32,0,1
BRDA:213,32,1,1
BRDA:213,33,0,2
BRDA:213,33,1,1
BRDA:222,34,0,14
BRDA:224,35,0,1
BRDA:224,35,1,14
BRDA:229,36,0,4
BRDA:229,36,1,1
BRDA:236,37,0,3
BRDA:237,38,0,4
BRDA:237,38,1,1
BRDA:257,39,0,3
BRDA:257,39,1,5
BRDA:263,40,0,3
BRDA:263,40,1,2
BRF:76
BRH:69
end_of_record
TN:
SF:src/lib/clipboard-utils.ts
FN:10,(anonymous_7)
FN:10,(anonymous_8)
FN:22,(anonymous_9)
FN:22,(anonymous_10)
FN:31,(anonymous_11)
FN:31,(anonymous_12)
FNF:6
FNH:6
FNDA:13,(anonymous_7)
FNDA:13,(anonymous_8)
FNDA:2,(anonymous_9)
FNDA:2,(anonymous_10)
FNDA:10,(anonymous_11)
FNDA:10,(anonymous_12)
DA:10,13
DA:11,13
DA:12,13
DA:13,10
DA:15,3
DA:22,2
DA:23,2
DA:24,2
DA:26,0
DA:27,0
DA:31,10
DA:32,10
DA:33,10
DA:34,9
DA:36,1
LF:15
LH:13
BRDA:17,0,0,2
BRDA:17,0,1,1
BRDA:38,1,0,1
BRDA:38,1,1,0
BRF:4
BRH:3
end_of_record
TN:
SF:src/lib/dev-utils.ts
FN:4,encodeBase64
FN:8,decodeBase64
FN:17,encodeURL
FN:21,decodeURL
FN:30,generateHash
FN:61,(anonymous_13)
FN:73,decodeJWT
FN:108,generateUUID
FN:110,(anonymous_16)
FN:121,(anonymous_17)
FN:132,(anonymous_18)
FN:141,timestampToDate
FN:160,dateToTimestamp
FN:183,generatePassword
FN:206,(anonymous_22)
FN:223,generateLoremIpsum
FN:225,(anonymous_24)
FN:231,(anonymous_25)
FN:233,(anonymous_26)
FN:242,(anonymous_27)
FN:252,validateEmail
FN:267,validateCreditCard
FNF:22
FNH:11
FNDA:3,encodeBase64
FNDA:4,decodeBase64
FNDA:3,encodeURL
FNDA:4,decodeURL
FNDA:5,generateHash
FNDA:116,(anonymous_13)
FNDA:4,decodeJWT
FNDA:104,generateUUID
FNDA:3224,(anonymous_16)
FNDA:0,(anonymous_17)
FNDA:0,(anonymous_18)
FNDA:0,timestampToDate
FNDA:0,dateToTimestamp
FNDA:5,generatePassword
FNDA:80,(anonymous_22)
FNDA:0,generateLoremIpsum
FNDA:0,(anonymous_24)
FNDA:0,(anonymous_25)
FNDA:0,(anonymous_26)
FNDA:0,(anonymous_27)
FNDA:0,validateEmail
FNDA:0,validateCreditCard
DA:4,1
DA:5,3
DA:8,1
DA:9,4
DA:10,4
DA:12,1
DA:17,1
DA:18,3
DA:21,1
DA:22,4
DA:23,4
DA:25,1
DA:30,1
DA:34,5
DA:36,1
DA:37,1
DA:40,1
DA:41,1
DA:42,11
DA:44,1
DA:48,4
DA:49,4
DA:52,4
DA:53,1
DA:54,3
DA:55,3
DA:57,0
DA:60,4
DA:61,116
DA:73,1
DA:74,4
DA:75,4
DA:76,4
DA:77,2
DA:86,2
DA:87,1
DA:88,1
DA:90,1
DA:97,1
DA:108,1
DA:109,104
DA:110,104
DA:111,3224
DA:112,3224
DA:113,3224
DA:117,0
DA:119,0
DA:120,0
DA:121,0
DA:122,0
DA:123,0
DA:124,0
DA:128,0
DA:130,0
DA:131,0
DA:132,0
DA:134,0
DA:137,0
DA:141,1
DA:142,0
DA:143,0
DA:144,0
DA:145,0
DA:149,0
DA:150,0
DA:151,0
DA:154,0
DA:156,0
DA:160,1
DA:161,0
DA:162,0
DA:163,0
DA:164,0
DA:167,0
DA:169,0
DA:183,1
DA:184,5
DA:186,5
DA:187,5
DA:190,5
DA:191,5
DA:194,5
DA:195,5
DA:198,5
DA:199,2
DA:202,5
DA:203,0
DA:206,5
DA:207,80
DA:212,1
DA:223,1
DA:224,0
DA:225,0
DA:226,0
DA:230,0
DA:231,0
DA:232,0
DA:233,0
DA:234,0
DA:236,0
DA:237,0
DA:241,0
DA:242,0
DA:243,0
DA:244,0
DA:248,0
DA:252,1
DA:253,0
DA:255,0
DA:256,0
DA:259,0
DA:260,0
DA:263,0
DA:267,1
DA:268,0
DA:270,0
DA:271,0
DA:275,0
DA:276,0
DA:278,0
DA:279,0
DA:281,0
DA:282,0
DA:283,0
DA:284,0
DA:288,0
DA:289,0
DA:292,0
DA:294,0
DA:295,0
DA:299,0
DA:300,0
DA:301,0
DA:302,0
DA:303,0
DA:305,0
LF:136
LH:63
BRDA:34,0,0,1
BRDA:34,0,1,4
BRDA:52,1,0,1
BRDA:52,1,1,3
BRDA:54,2,0,3
BRDA:54,2,1,0
BRDA:76,3,0,2
BRDA:76,3,1,2
BRDA:108,4,0,104
BRDA:109,5,0,104
BRDA:109,5,1,0
BRDA:112,6,0,3120
BRDA:112,6,1,104
BRDA:117,7,0,0
BRDA:117,7,1,0
BRDA:123,8,0,0
BRDA:123,8,1,0
BRDA:128,9,0,0
BRDA:128,9,1,0
BRDA:144,10,0,0
BRDA:144,10,1,0
BRDA:149,11,0,0
BRDA:149,11,1,0
BRDA:150,12,0,0
BRDA:150,12,1,0
BRDA:163,13,0,0
BRDA:163,13,1,0
BRDA:186,14,0,5
BRDA:186,14,1,0
BRDA:187,15,0,0
BRDA:187,15,1,5
BRDA:190,16,0,5
BRDA:190,16,1,0
BRDA:191,17,0,0
BRDA:191,17,1,5
BRDA:194,18,0,5
BRDA:194,18,1,0
BRDA:195,19,0,0
BRDA:195,19,1,5
BRDA:198,20,0,2
BRDA:198,20,1,3
BRDA:199,21,0,0
BRDA:199,21,1,2
BRDA:202,22,0,0
BRDA:202,22,1,5
BRDA:224,23,0,0
BRDA:224,23,1,0
BRDA:230,24,0,0
BRDA:230,24,1,0
BRDA:241,25,0,0
BRDA:241,25,1,0
BRDA:255,26,0,0
BRDA:255,26,1,0
BRDA:259,27,0,0
BRDA:259,27,1,0
BRDA:270,28,0,0
BRDA:270,28,1,0
BRDA:270,29,0,0
BRDA:270,29,1,0
BRDA:281,30,0,0
BRDA:281,30,1,0
BRDA:283,31,0,0
BRDA:283,31,1,0
BRDA:294,32,0,0
BRDA:294,32,1,0
BRDA:300,33,0,0
BRDA:300,33,1,0
BRDA:301,34,0,0
BRDA:301,34,1,0
BRDA:302,35,0,0
BRDA:302,35,1,0
BRDA:303,36,0,0
BRDA:303,36,1,0
BRF:73
BRH:21
end_of_record
TN:
SF:src/lib/download-utils.ts
FN:5,(anonymous_0)
FN:17,(anonymous_1)
FN:22,(anonymous_2)
FNF:3
FNH:3
FNDA:8,(anonymous_0)
FNDA:4,(anonymous_1)
FNDA:4,(anonymous_2)
DA:5,1
DA:6,8
DA:7,8
DA:8,8
DA:9,8
DA:10,8
DA:11,8
DA:12,8
DA:13,8
DA:14,8
DA:17,1
DA:18,4
DA:19,4
DA:22,1
DA:23,4
DA:24,4
DA:25,4
DA:26,4
DA:27,4
DA:28,4
DA:29,4
DA:30,4
DA:31,4
LF:23
LH:23
BRDA:19,0,0,1
BRDA:19,0,1,3
BRDA:27,1,0,1
BRDA:27,1,1,3
BRF:4
BRH:4
end_of_record
TN:
SF:src/lib/json-utils.ts
FN:20,safeJsonParse
FN:35,beautifyJson
FN:64,minifyJson
FN:84,escapeJson
FN:96,unescapeJson
FN:108,serializeToJson
FN:110,(anonymous_6)
FN:123,deserializeJson
FN:148,recursiveJsonParse
FN:171,flattenJson
FN:229,unflattenJson
FN:244,(anonymous_11)
FN:316,compareJson
FN:330,findDifferences
FN:334,(anonymous_14)
FN:370,generateRandomJson
FN:377,(anonymous_16)
FNF:17
FNH:15
FNDA:31,safeJsonParse
FNDA:4,beautifyJson
FNDA:3,minifyJson
FNDA:2,escapeJson
FNDA:2,unescapeJson
FNDA:6,serializeToJson
FNDA:0,(anonymous_6)
FNDA:3,deserializeJson
FNDA:0,recursiveJsonParse
FNDA:26,flattenJson
FNDA:15,unflattenJson
FNDA:13,(anonymous_11)
FNDA:5,compareJson
FNDA:5,findDifferences
FNDA:3,(anonymous_14)
FNDA:5,generateRandomJson
FNDA:17,(anonymous_16)
DA:20,1
DA:21,31
DA:22,31
DA:23,26
DA:25,5
DA:35,1
DA:36,4
DA:38,4
DA:39,4
DA:40,1
DA:43,3
DA:44,3
DA:46,3
DA:47,0
DA:50,3
DA:51,3
DA:52,3
DA:54,0
DA:64,1
DA:65,3
DA:66,3
DA:67,1
DA:70,2
DA:71,2
DA:72,2
DA:74,0
DA:84,1
DA:85,2
DA:96,1
DA:97,2
DA:108,1
DA:109,6
DA:110,0
DA:111,0
DA:112,0
DA:114,0
DA:117,6
DA:123,1
DA:124,3
DA:125,3
DA:126,1
DA:129,2
DA:130,2
DA:132,2
DA:133,0
DA:136,2
DA:138,0
DA:149,0
DA:150,0
DA:151,0
DA:152,0
DA:154,0
DA:156,0
DA:157,0
DA:158,0
DA:159,0
DA:160,0
DA:161,0
DA:163,0
DA:165,0
DA:171,1
DA:173,26
DA:175,8
DA:176,8
DA:179,0
DA:182,18
DA:185,18
DA:186,4
DA:187,6
DA:189,6
DA:190,6
DA:192,0
DA:195,4
DA:199,14
DA:200,21
DA:201,21
DA:203,21
DA:205,1
DA:206,3
DA:207,3
DA:208,1
DA:210,2
DA:213,20
DA:215,3
DA:218,17
DA:223,14
DA:229,1
DA:231,15
DA:232,8
DA:236,7
DA:237,7
DA:238,0
DA:241,7
DA:244,7
DA:245,13
DA:246,13
DA:249,7
DA:251,4
DA:252,4
DA:253,10
DA:254,10
DA:256,10
DA:257,10
DA:258,10
DA:259,10
DA:261,10
DA:263,6
DA:264,6
DA:266,10
DA:269,10
DA:270,10
DA:271,0
DA:272,0
DA:274,10
DA:277,4
DA:281,3
DA:282,7
DA:283,7
DA:285,7
DA:286,9
DA:287,9
DA:289,9
DA:291,5
DA:292,5
DA:294,9
DA:297,7
DA:299,7
DA:300,2
DA:301,2
DA:302,0
DA:304,2
DA:306,5
DA:310,3
DA:316,1
DA:317,5
DA:318,5
DA:320,5
DA:321,5
DA:323,4
DA:324,4
DA:331,5
DA:334,5
DA:335,3
DA:344,5
DA:345,4
DA:346,4
DA:347,4
DA:349,4
DA:350,8
DA:352,8
DA:353,1
DA:354,7
DA:355,1
DA:356,6
DA:357,1
DA:360,1
DA:361,1
DA:364,5
DA:370,1
DA:375,5
DA:377,5
DA:378,17
DA:379,8
DA:386,8
DA:389,9
DA:390,9
DA:392,9
DA:394,3
DA:395,3
DA:396,3
DA:398,3
DA:401,2
DA:402,2
DA:403,5
DA:405,2
DA:408,4
DA:412,5
LF:177
LH:149
BRDA:27,0,0,5
BRDA:27,0,1,0
BRDA:35,1,0,2
BRDA:36,2,0,3
BRDA:36,3,0,4
BRDA:36,4,0,3
BRDA:39,5,0,1
BRDA:39,5,1,3
BRDA:46,6,0,0
BRDA:46,6,1,3
BRDA:50,7,0,1
BRDA:50,7,1,2
BRDA:56,8,0,0
BRDA:56,8,1,0
BRDA:66,9,0,1
BRDA:66,9,1,2
BRDA:76,10,0,0
BRDA:76,10,1,0
BRDA:108,11,0,6
BRDA:109,12,0,0
BRDA:109,12,1,6
BRDA:111,13,0,0
BRDA:111,13,1,0
BRDA:111,14,0,0
BRDA:111,14,1,0
BRDA:123,15,0,3
BRDA:125,16,0,1
BRDA:125,16,1,2
BRDA:132,17,0,0
BRDA:132,17,1,2
BRDA:140,18,0,0
BRDA:140,18,1,0
BRDA:149,19,0,0
BRDA:149,19,1,0
BRDA:156,20,0,0
BRDA:156,20,1,0
BRDA:158,21,0,0
BRDA:158,21,1,0
BRDA:158,22,0,0
BRDA:158,22,1,0
BRDA:171,23,0,16
BRDA:173,24,0,8
BRDA:173,24,1,18
BRDA:173,25,0,26
BRDA:173,25,1,24
BRDA:175,26,0,8
BRDA:175,26,1,0
BRDA:185,27,0,4
BRDA:185,27,1,14
BRDA:187,28,0,0
BRDA:187,28,1,6
BRDA:189,29,0,6
BRDA:189,29,1,0
BRDA:189,30,0,6
BRDA:189,30,1,6
BRDA:200,31,0,21
BRDA:200,31,1,0
BRDA:201,32,0,14
BRDA:201,32,1,7
BRDA:203,33,0,1
BRDA:203,33,1,20
BRDA:207,34,0,1
BRDA:207,34,1,2
BRDA:207,35,0,3
BRDA:207,35,1,3
BRDA:213,36,0,3
BRDA:213,36,1,17
BRDA:213,37,0,20
BRDA:213,37,1,20
BRDA:231,38,0,8
BRDA:231,38,1,7
BRDA:231,39,0,15
BRDA:231,39,1,13
BRDA:231,39,2,7
BRDA:237,40,0,0
BRDA:237,40,1,7
BRDA:249,41,0,4
BRDA:249,41,1,3
BRDA:261,42,0,6
BRDA:261,42,1,4
BRDA:264,43,0,0
BRDA:264,43,1,6
BRDA:270,44,0,0
BRDA:270,44,1,10
BRDA:289,45,0,5
BRDA:289,45,1,4
BRDA:292,46,0,1
BRDA:292,46,1,4
BRDA:299,47,0,2
BRDA:299,47,1,5
BRDA:301,48,0,0
BRDA:301,48,1,2
BRDA:320,49,0,0
BRDA:320,49,1,5
BRDA:321,50,0,1
BRDA:321,50,1,4
BRDA:330,51,0,4
BRDA:337,52,0,1
BRDA:337,52,1,2
BRDA:344,53,0,4
BRDA:344,53,1,1
BRDA:344,54,0,5
BRDA:344,54,1,4
BRDA:344,54,2,4
BRDA:344,54,3,4
BRDA:350,55,0,0
BRDA:350,55,1,8
BRDA:352,56,0,1
BRDA:352,56,1,7
BRDA:354,57,0,1
BRDA:354,57,1,6
BRDA:356,58,0,1
BRDA:356,58,1,5
BRDA:360,59,0,1
BRDA:360,59,1,0
BRDA:370,60,0,3
BRDA:375,61,0,3
BRDA:375,62,0,5
BRDA:375,63,0,4
BRDA:378,64,0,8
BRDA:378,64,1,9
BRDA:392,65,0,3
BRDA:392,65,1,2
BRDA:392,65,2,4
BRF:124
BRH:91
end_of_record
TN:
SF:src/lib/toast-utils.ts
FN:13,(anonymous_0)
FN:15,(anonymous_1)
FN:23,(anonymous_2)
FN:31,(anonymous_3)
FN:38,(anonymous_4)
FN:46,(anonymous_5)
FN:53,(anonymous_6)
FNF:7
FNH:7
FNDA:22,(anonymous_0)
FNDA:4,(anonymous_1)
FNDA:4,(anonymous_2)
FNDA:8,(anonymous_3)
FNDA:3,(anonymous_4)
FNDA:7,(anonymous_5)
FNDA:3,(anonymous_6)
DA:13,1
DA:14,22
DA:16,4
DA:24,4
DA:32,8
DA:39,3
DA:47,7
DA:54,3
LF:8
LH:8
BRDA:31,0,0,1
BRF:1
BRH:1
end_of_record
TN:
SF:src/lib/utils.ts
FN:4,cn
FNF:1
FNH:1
FNDA:14,cn
DA:1,1
DA:2,1
DA:4,1
DA:5,14
LF:4
LH:4
BRF:0
BRH:0
end_of_record
